Log file open, 12/02/20 18:40:45
LogInit: Display: Running engine for game: CidreLand
LogPlatformFile: Not using cached read wrapper
LogTaskGraph: Started task graph with 5 named threads and 35 total threads with 3 sets of task threads.
LogStats: Stats thread started at 0.273451
LogD3D11RHI: Loaded GFSDK_Aftermath_Lib.x64.dll
LogICUInternationalization: ICU TimeZone Detection - Raw Offset: +1:00, Platform Override: ''
LogPluginManager: Mounting plugin Paper2D
LogPluginManager: Mounting plugin AISupport
LogPluginManager: Mounting plugin LightPropagationVolume
LogPluginManager: Mounting plugin CameraShakePreviewer
LogPluginManager: Mounting plugin ActorLayerUtilities
LogPluginManager: Mounting plugin AnimationSharing
LogPluginManager: Mounting plugin CLionSourceCodeAccess
LogPluginManager: Mounting plugin CodeLiteSourceCodeAccess
LogPluginManager: Mounting plugin GitSourceControl
LogPluginManager: Mounting plugin KDevelopSourceCodeAccess
LogPluginManager: Mounting plugin NullSourceCodeAccess
LogPluginManager: Mounting plugin PerforceSourceControl
LogPluginManager: Mounting plugin PlasticSourceControl
LogPluginManager: Mounting plugin RiderSourceCodeAccess
LogPluginManager: Mounting plugin SubversionSourceControl
LogPluginManager: Mounting plugin UObjectPlugin
LogPluginManager: Mounting plugin VisualStudioCodeSourceCodeAccess
LogPluginManager: Mounting plugin VisualStudioSourceCodeAccess
LogPluginManager: Mounting plugin XCodeSourceCodeAccess
LogPluginManager: Mounting plugin AssetManagerEditor
LogPluginManager: Mounting plugin CryptoKeys
LogPluginManager: Mounting plugin CurveEditorTools
LogPluginManager: Mounting plugin DataValidation
LogPluginManager: Mounting plugin EditorScriptingUtilities
LogPluginManager: Mounting plugin FacialAnimation
LogPluginManager: Mounting plugin GameplayTagsEditor
LogPluginManager: Mounting plugin GeometryMode
LogPluginManager: Mounting plugin MacGraphicsSwitching
LogPluginManager: Mounting plugin MaterialAnalyzer
LogPluginManager: Mounting plugin MobileLauncherProfileWizard
LogPluginManager: Mounting plugin PluginBrowser
LogPluginManager: Mounting plugin SpeedTreeImporter
LogPluginManager: Mounting plugin DatasmithContent
LogPluginManager: Mounting plugin VariantManagerContent
LogPluginManager: Mounting plugin AlembicImporter
LogPluginManager: Mounting plugin AutomationUtils
LogPluginManager: Mounting plugin BackChannel
LogPluginManager: Mounting plugin ChaosCloth
LogPluginManager: Mounting plugin ChaosClothEditor
LogPluginManager: Mounting plugin ChaosEditor
LogPluginManager: Mounting plugin ChaosNiagara
LogPluginManager: Mounting plugin ChaosSolverPlugin
LogPluginManager: Mounting plugin CharacterAI
LogPluginManager: Mounting plugin GeometryCache
LogPluginManager: Mounting plugin GeometryCollectionPlugin
LogPluginManager: Mounting plugin GeometryProcessing
LogPluginManager: Mounting plugin PlanarCut
LogPluginManager: Mounting plugin PlatformCrypto
LogPluginManager: Mounting plugin ProxyLODPlugin
LogPluginManager: Mounting plugin SkeletalReduction
LogPluginManager: Mounting plugin Niagara
LogPluginManager: Mounting plugin MagicLeap
LogPluginManager: Mounting plugin MagicLeapLightEstimation
LogPluginManager: Mounting plugin MagicLeapMedia
LogPluginManager: Mounting plugin MagicLeapPassableWorld
LogPluginManager: Mounting plugin MLSDK
LogPluginManager: Mounting plugin AndroidMedia
LogPluginManager: Mounting plugin AvfMedia
LogPluginManager: Mounting plugin ImgMedia
LogPluginManager: Mounting plugin MediaCompositing
LogPluginManager: Mounting plugin MediaPlayerEditor
LogPluginManager: Mounting plugin WebMMedia
LogPluginManager: Mounting plugin WmfMedia
LogPluginManager: Mounting plugin MeshPainting
LogPluginManager: Mounting plugin TcpMessaging
LogPluginManager: Mounting plugin UdpMessaging
LogPluginManager: Mounting plugin ActorSequence
LogPluginManager: Mounting plugin LevelSequenceEditor
LogPluginManager: Mounting plugin MatineeToLevelSequence
LogPluginManager: Mounting plugin MovieRenderPipeline
LogPluginManager: Mounting plugin TemplateSequence
LogPluginManager: Mounting plugin NetcodeUnitTest
LogPluginManager: Mounting plugin NUTUnrealEngine4
LogPluginManager: Mounting plugin OnlineSubsystemGooglePlay
LogPluginManager: Mounting plugin OnlineSubsystemIOS
LogPluginManager: Mounting plugin OnlineSubsystem
LogPluginManager: Mounting plugin OnlineSubsystemNull
LogPluginManager: Mounting plugin OnlineSubsystemUtils
LogPluginManager: Mounting plugin LauncherChunkInstaller
LogPluginManager: Mounting plugin AndroidDeviceProfileSelector
LogPluginManager: Mounting plugin AndroidMoviePlayer
LogPluginManager: Mounting plugin AndroidPermission
LogPluginManager: Mounting plugin AppleImageUtils
LogPluginManager: Mounting plugin AppleMoviePlayer
LogPluginManager: Mounting plugin ArchVisCharacter
LogPluginManager: Mounting plugin AssetTags
LogPluginManager: Mounting plugin AudioCapture
LogPluginManager: Mounting plugin CableComponent
LogPluginManager: Mounting plugin CustomMeshComponent
LogPluginManager: Mounting plugin EditableMesh
LogPluginManager: Mounting plugin ExampleDeviceProfileSelector
LogPluginManager: Mounting plugin GoogleCloudMessaging
LogPluginManager: Mounting plugin GooglePAD
LogPluginManager: Mounting plugin IOSDeviceProfileSelector
LogPluginManager: Mounting plugin LinuxDeviceProfileSelector
LogPluginManager: Mounting plugin LocationServicesBPLibrary
LogPluginManager: Mounting plugin MobilePatchingUtils
LogPluginManager: Mounting plugin OculusVR
LogPluginManager: Mounting plugin PhysXVehicles
LogPluginManager: Mounting plugin PostSplashScreen
LogPluginManager: Mounting plugin ProceduralMeshComponent
LogPluginManager: Mounting plugin RuntimePhysXCooking
LogPluginManager: Mounting plugin SignificanceManager
LogPluginManager: Mounting plugin SoundFields
LogPluginManager: Mounting plugin SteamVR
LogPluginManager: Mounting plugin Synthesis
LogPluginManager: Mounting plugin WebMMoviePlayer
LogPluginManager: Mounting plugin WindowsMoviePlayer
LogPluginManager: Mounting plugin ScreenshotTools
LogInit: Using libcurl 7.55.1-DEV
LogInit:  - built for x86_64-pc-win32
LogInit:  - supports SSL with OpenSSL/1.1.1
LogInit:  - supports HTTP deflate (compression) using libz 1.2.8
LogInit:  - other features:
LogInit:      CURL_VERSION_SSL
LogInit:      CURL_VERSION_LIBZ
LogInit:      CURL_VERSION_IPV6
LogInit:      CURL_VERSION_ASYNCHDNS
LogInit:      CURL_VERSION_LARGEFILE
LogInit:      CURL_VERSION_IDN
LogInit:  CurlRequestOptions (configurable via config and command line):
LogInit:  - bVerifyPeer = true  - Libcurl will verify peer certificate
LogInit:  - bUseHttpProxy = false  - Libcurl will NOT use HTTP proxy
LogInit:  - bDontReuseConnections = false  - Libcurl will reuse connections
LogInit:  - MaxHostConnections = 16  - Libcurl will limit the number of connections to a host
LogInit:  - LocalHostAddr = Default
LogInit:  - BufferSize = 65536
LogOnline: OSS: Creating online subsystem instance for: NULL
LogInit: WinSock: version 1.1 (2.2), MaxSocks=32767, MaxUdp=65467
LogOnline: OSS: TryLoadSubsystemAndSetDefault: Loaded subsystem for module [NULL]
LogInit: Build: ++UE4+Release-4.25-CL-14469661
LogInit: Engine Version: 4.25.4-14469661+++UE4+Release-4.25
LogInit: Compatible Engine Version: 4.25.0-13144385+++UE4+Release-4.25
LogInit: Net CL: 13144385
LogInit: OS: Windows 10 (Release 1909) (), CPU: Intel(R) Core(TM) i7-9750H CPU @ 2.60GHz, GPU: Intel(R) UHD Graphics 630
LogInit: Compiled (64-bit): Oct 11 2020 08:10:49
LogInit: Compiled with Visual C++: 19.24.28315.00
LogInit: Build Configuration: Development
LogInit: Branch Name: ++UE4+Release-4.25
LogInit: Command Line: 
LogInit: Base Directory: C:/Program Files/Epic Games/UE_4.25/Engine/Binaries/Win64/
LogInit: Allocator: TBB
LogInit: Installed Engine Build: 1
LogDevObjectVersion: Number of dev versions registered: 26
LogDevObjectVersion:   Dev-Blueprints (B0D832E4-1F89-4F0D-ACCF-7EB736FD4AA2): 10
LogDevObjectVersion:   Dev-Build (E1C64328-A22C-4D53-A36C-8E866417BD8C): 0
LogDevObjectVersion:   Dev-Core (375EC13C-06E4-48FB-B500-84F0262A717E): 4
LogDevObjectVersion:   Dev-Editor (E4B068ED-F494-42E9-A231-DA0B2E46BB41): 38
LogDevObjectVersion:   Dev-Framework (CFFC743F-43B0-4480-9391-14DF171D2073): 37
LogDevObjectVersion:   Dev-Mobile (B02B49B5-BB20-44E9-A304-32B752E40360): 2
LogDevObjectVersion:   Dev-Networking (A4E4105C-59A1-49B5-A7C5-40C4547EDFEE): 0
LogDevObjectVersion:   Dev-Online (39C831C9-5AE6-47DC-9A44-9C173E1C8E7C): 0
LogDevObjectVersion:   Dev-Physics (78F01B33-EBEA-4F98-B9B4-84EACCB95AA2): 4
LogDevObjectVersion:   Dev-Platform (6631380F-2D4D-43E0-8009-CF276956A95A): 0
LogDevObjectVersion:   Dev-Rendering (12F88B9F-8875-4AFC-A67C-D90C383ABD29): 43
LogDevObjectVersion:   Dev-Sequencer (7B5AE74C-D270-4C10-A958-57980B212A5A): 12
LogDevObjectVersion:   Dev-VR (D7296918-1DD6-4BDD-9DE2-64A83CC13884): 3
LogDevObjectVersion:   Dev-LoadTimes (C2A15278-BFE7-4AFE-6C17-90FF531DF755): 1
LogDevObjectVersion:   Private-Geometry (6EACA3D4-40EC-4CC1-B786-8BED09428FC5): 3
LogDevObjectVersion:   Dev-AnimPhys (29E575DD-E0A3-4627-9D10-D276232CDCEA): 17
LogDevObjectVersion:   Dev-Anim (AF43A65D-7FD3-4947-9873-3E8ED9C1BB05): 7
LogDevObjectVersion:   Dev-ReflectionCapture (6B266CEC-1EC7-4B8F-A30B-E4D90942FC07): 1
LogDevObjectVersion:   Dev-Automation (0DF73D61-A23F-47EA-B727-89E90C41499A): 1
LogDevObjectVersion:   FortniteMain (601D1886-AC64-4F84-AA16-D3DE0DEAC7D6): 31
LogDevObjectVersion:   Dev-Enterprise (9DFFBCD6-494F-0158-E221-12823C92A888): 10
LogDevObjectVersion:   Dev-Niagara (F2AED0AC-9AFE-416F-8664-AA7FFA26D6FC): 1
LogDevObjectVersion:   Dev-Destruction (174F1F0B-B4C6-45A5-B13F-2EE8D0FB917D): 10
LogDevObjectVersion:   Dev-Physics-Ext (35F94A83-E258-406C-A318-09F59610247C): 37
LogDevObjectVersion:   Dev-PhysicsMaterial-Chaos (B68FC16E-8B1B-42E2-B453-215C058844FE): 1
LogDevObjectVersion:   Dev-CineCamera (B2E18506-4273-CFC2-A54E-F4BB758BBA07): 1
LogInit: Presizing for max 25165824 objects, including 0 objects not considered by GC, pre-allocating 0 bytes for permanent pool.
LogConfig: Applying CVar settings from Section [/Script/Engine.StreamingSettings] File [C:/Users/bouss/Documents/GitHub/CidreLand/CidreLand/Saved/Config/Windows/Engine.ini]
LogConfig: Setting CVar [[s.MinBulkDataSizeForAsyncLoading:131072]]
LogConfig: Setting CVar [[s.AsyncLoadingThreadEnabled:0]]
LogConfig: Setting CVar [[s.EventDrivenLoaderEnabled:1]]
LogConfig: Setting CVar [[s.WarnIfTimeLimitExceeded:0]]
LogConfig: Setting CVar [[s.TimeLimitExceededMultiplier:1.5]]
LogConfig: Setting CVar [[s.TimeLimitExceededMinTime:0.005]]
LogConfig: Setting CVar [[s.UseBackgroundLevelStreaming:1]]
LogConfig: Setting CVar [[s.PriorityAsyncLoadingExtraTime:15.0]]
LogConfig: Setting CVar [[s.LevelStreamingActorsUpdateTimeLimit:5.0]]
LogConfig: Setting CVar [[s.PriorityLevelStreamingActorsUpdateExtraTime:5.0]]
LogConfig: Setting CVar [[s.LevelStreamingComponentsRegistrationGranularity:10]]
LogConfig: Setting CVar [[s.UnregisterComponentsTimeLimit:1.0]]
LogConfig: Setting CVar [[s.LevelStreamingComponentsUnregistrationGranularity:5]]
LogConfig: Setting CVar [[s.FlushStreamingOnExit:1]]
LogInit: Object subsystem initialized
LogConfig: Setting CVar [[con.DebugEarlyDefault:1]]
LogConfig: Setting CVar [[r.setres:1280x720]]
[2020.12.02-17.40.45:659][  0]LogConfig: Setting CVar [[r.VSync:0]]
[2020.12.02-17.40.45:659][  0]LogConfig: Setting CVar [[r.RHICmdBypass:0]]
[2020.12.02-17.40.45:659][  0]LogConfig: Applying CVar settings from Section [/Script/Engine.RendererSettings] File [C:/Users/bouss/Documents/GitHub/CidreLand/CidreLand/Saved/Config/Windows/Engine.ini]
[2020.12.02-17.40.45:659][  0]LogConfig: Setting CVar [[r.GPUCrashDebugging:0]]
[2020.12.02-17.40.45:659][  0]LogConfig: Applying CVar settings from Section [/Script/Engine.RendererOverrideSettings] File [C:/Users/bouss/Documents/GitHub/CidreLand/CidreLand/Saved/Config/Windows/Engine.ini]
[2020.12.02-17.40.45:659][  0]LogConfig: Applying CVar settings from Section [/Script/Engine.StreamingSettings] File [C:/Users/bouss/Documents/GitHub/CidreLand/CidreLand/Saved/Config/Windows/Engine.ini]
[2020.12.02-17.40.45:659][  0]LogConfig: Setting CVar [[s.MinBulkDataSizeForAsyncLoading:131072]]
[2020.12.02-17.40.45:659][  0]LogConfig: Setting CVar [[s.AsyncLoadingThreadEnabled:0]]
[2020.12.02-17.40.45:659][  0]LogConfig: Setting CVar [[s.EventDrivenLoaderEnabled:1]]
[2020.12.02-17.40.45:659][  0]LogConfig: Setting CVar [[s.WarnIfTimeLimitExceeded:0]]
[2020.12.02-17.40.45:659][  0]LogConfig: Setting CVar [[s.TimeLimitExceededMultiplier:1.5]]
[2020.12.02-17.40.45:659][  0]LogConfig: Setting CVar [[s.TimeLimitExceededMinTime:0.005]]
[2020.12.02-17.40.45:659][  0]LogConfig: Setting CVar [[s.UseBackgroundLevelStreaming:1]]
[2020.12.02-17.40.45:659][  0]LogConfig: Setting CVar [[s.PriorityAsyncLoadingExtraTime:15.0]]
[2020.12.02-17.40.45:659][  0]LogConfig: Setting CVar [[s.LevelStreamingActorsUpdateTimeLimit:5.0]]
[2020.12.02-17.40.45:659][  0]LogConfig: Setting CVar [[s.PriorityLevelStreamingActorsUpdateExtraTime:5.0]]
[2020.12.02-17.40.45:659][  0]LogConfig: Setting CVar [[s.LevelStreamingComponentsRegistrationGranularity:10]]
[2020.12.02-17.40.45:659][  0]LogConfig: Setting CVar [[s.UnregisterComponentsTimeLimit:1.0]]
[2020.12.02-17.40.45:659][  0]LogConfig: Setting CVar [[s.LevelStreamingComponentsUnregistrationGranularity:5]]
[2020.12.02-17.40.45:659][  0]LogConfig: Setting CVar [[s.FlushStreamingOnExit:1]]
[2020.12.02-17.40.45:659][  0]LogConfig: Applying CVar settings from Section [/Script/Engine.GarbageCollectionSettings] File [C:/Users/bouss/Documents/GitHub/CidreLand/CidreLand/Saved/Config/Windows/Engine.ini]
[2020.12.02-17.40.45:659][  0]LogConfig: Setting CVar [[gc.MaxObjectsNotConsideredByGC:1]]
[2020.12.02-17.40.45:659][  0]LogConfig: Setting CVar [[gc.SizeOfPermanentObjectPool:0]]
[2020.12.02-17.40.45:659][  0]LogConfig: Setting CVar [[gc.FlushStreamingOnGC:0]]
[2020.12.02-17.40.45:659][  0]LogConfig: Setting CVar [[gc.NumRetriesBeforeForcingGC:10]]
[2020.12.02-17.40.45:659][  0]LogConfig: Setting CVar [[gc.AllowParallelGC:1]]
[2020.12.02-17.40.45:659][  0]LogConfig: Setting CVar [[gc.TimeBetweenPurgingPendingKillObjects:61.1]]
[2020.12.02-17.40.45:659][  0]LogConfig: Setting CVar [[gc.MaxObjectsInEditor:25165824]]
[2020.12.02-17.40.45:659][  0]LogConfig: Setting CVar [[gc.IncrementalBeginDestroyEnabled:1]]
[2020.12.02-17.40.45:659][  0]LogConfig: Setting CVar [[gc.CreateGCClusters:1]]
[2020.12.02-17.40.45:659][  0]LogConfig: Setting CVar [[gc.MinGCClusterSize:5]]
[2020.12.02-17.40.45:659][  0]LogConfig: Setting CVar [[gc.ActorClusteringEnabled:0]]
[2020.12.02-17.40.45:659][  0]LogConfig: Setting CVar [[gc.BlueprintClusteringEnabled:0]]
[2020.12.02-17.40.45:659][  0]LogConfig: Setting CVar [[gc.UseDisregardForGCOnDedicatedServers:0]]
[2020.12.02-17.40.45:659][  0]LogConfig: Applying CVar settings from Section [/Script/Engine.NetworkSettings] File [C:/Users/bouss/Documents/GitHub/CidreLand/CidreLand/Saved/Config/Windows/Engine.ini]
[2020.12.02-17.40.45:660][  0]LogConfig: Applying CVar settings from Section [/Script/UnrealEd.CookerSettings] File [C:/Users/bouss/Documents/GitHub/CidreLand/CidreLand/Saved/Config/Windows/Engine.ini]
[2020.12.02-17.40.45:662][  0]LogConfig: Applying CVar settings from Section [ViewDistanceQuality@3] File [C:/Users/bouss/Documents/GitHub/CidreLand/CidreLand/Saved/Config/Windows/Scalability.ini]
[2020.12.02-17.40.45:662][  0]LogConfig: Setting CVar [[r.SkeletalMeshLODBias:0]]
[2020.12.02-17.40.45:662][  0]LogConfig: Setting CVar [[r.ViewDistanceScale:1.0]]
[2020.12.02-17.40.45:662][  0]LogConfig: Applying CVar settings from Section [AntiAliasingQuality@3] File [C:/Users/bouss/Documents/GitHub/CidreLand/CidreLand/Saved/Config/Windows/Scalability.ini]
[2020.12.02-17.40.45:663][  0]LogConfig: Setting CVar [[r.PostProcessAAQuality:4]]
[2020.12.02-17.40.45:663][  0]LogConfig: Applying CVar settings from Section [ShadowQuality@3] File [C:/Users/bouss/Documents/GitHub/CidreLand/CidreLand/Saved/Config/Windows/Scalability.ini]
[2020.12.02-17.40.45:663][  0]LogConfig: Setting CVar [[r.LightFunctionQuality:1]]
[2020.12.02-17.40.45:663][  0]LogConfig: Setting CVar [[r.ShadowQuality:5]]
[2020.12.02-17.40.45:663][  0]LogConfig: Setting CVar [[r.Shadow.CSM.MaxCascades:10]]
[2020.12.02-17.40.45:663][  0]LogConfig: Setting CVar [[r.Shadow.MaxResolution:2048]]
[2020.12.02-17.40.45:663][  0]LogConfig: Setting CVar [[r.Shadow.MaxCSMResolution:2048]]
[2020.12.02-17.40.45:663][  0]LogConfig: Setting CVar [[r.Shadow.RadiusThreshold:0.01]]
[2020.12.02-17.40.45:663][  0]LogConfig: Setting CVar [[r.Shadow.DistanceScale:1.0]]
[2020.12.02-17.40.45:663][  0]LogConfig: Setting CVar [[r.Shadow.CSM.TransitionScale:1.0]]
[2020.12.02-17.40.45:663][  0]LogConfig: Setting CVar [[r.Shadow.PreShadowResolutionFactor:1.0]]
[2020.12.02-17.40.45:663][  0]LogConfig: Setting CVar [[r.DistanceFieldShadowing:1]]
[2020.12.02-17.40.45:663][  0]LogConfig: Setting CVar [[r.DistanceFieldAO:1]]
[2020.12.02-17.40.45:663][  0]LogConfig: Setting CVar [[r.AOQuality:2]]
[2020.12.02-17.40.45:663][  0]LogConfig: Setting CVar [[r.VolumetricFog:1]]
[2020.12.02-17.40.45:663][  0]LogConfig: Setting CVar [[r.VolumetricFog.GridPixelSize:8]]
[2020.12.02-17.40.45:663][  0]LogConfig: Setting CVar [[r.VolumetricFog.GridSizeZ:128]]
[2020.12.02-17.40.45:663][  0]LogConfig: Setting CVar [[r.VolumetricFog.HistoryMissSupersampleCount:4]]
[2020.12.02-17.40.45:663][  0]LogConfig: Setting CVar [[r.LightMaxDrawDistanceScale:1]]
[2020.12.02-17.40.45:663][  0]LogConfig: Setting CVar [[r.CapsuleShadows:1]]
[2020.12.02-17.40.45:663][  0]LogConfig: Applying CVar settings from Section [PostProcessQuality@3] File [C:/Users/bouss/Documents/GitHub/CidreLand/CidreLand/Saved/Config/Windows/Scalability.ini]
[2020.12.02-17.40.45:663][  0]LogConfig: Setting CVar [[r.MotionBlurQuality:4]]
[2020.12.02-17.40.45:663][  0]LogConfig: Setting CVar [[r.AmbientOcclusionMipLevelFactor:0.4]]
[2020.12.02-17.40.45:663][  0]LogConfig: Setting CVar [[r.AmbientOcclusionMaxQuality:100]]
[2020.12.02-17.40.45:663][  0]LogConfig: Setting CVar [[r.AmbientOcclusionLevels:-1]]
[2020.12.02-17.40.45:663][  0]LogConfig: Setting CVar [[r.AmbientOcclusionRadiusScale:1.0]]
[2020.12.02-17.40.45:663][  0]LogConfig: Setting CVar [[r.DepthOfFieldQuality:2]]
[2020.12.02-17.40.45:663][  0]LogConfig: Setting CVar [[r.RenderTargetPoolMin:400]]
[2020.12.02-17.40.45:663][  0]LogConfig: Setting CVar [[r.LensFlareQuality:2]]
[2020.12.02-17.40.45:663][  0]LogConfig: Setting CVar [[r.SceneColorFringeQuality:1]]
[2020.12.02-17.40.45:663][  0]LogConfig: Setting CVar [[r.EyeAdaptationQuality:2]]
[2020.12.02-17.40.45:663][  0]LogConfig: Setting CVar [[r.BloomQuality:5]]
[2020.12.02-17.40.45:663][  0]LogConfig: Setting CVar [[r.FastBlurThreshold:100]]
[2020.12.02-17.40.45:663][  0]LogConfig: Setting CVar [[r.Upscale.Quality:3]]
[2020.12.02-17.40.45:663][  0]LogConfig: Setting CVar [[r.Tonemapper.GrainQuantization:1]]
[2020.12.02-17.40.45:663][  0]LogConfig: Setting CVar [[r.LightShaftQuality:1]]
[2020.12.02-17.40.45:663][  0]LogConfig: Setting CVar [[r.Filter.SizeScale:1]]
[2020.12.02-17.40.45:663][  0]LogConfig: Setting CVar [[r.Tonemapper.Quality:5]]
[2020.12.02-17.40.45:663][  0]LogConfig: Setting CVar [[r.DOF.Gather.AccumulatorQuality:1        ; higher gathering accumulator quality]]
[2020.12.02-17.40.45:663][  0]LogConfig: Setting CVar [[r.DOF.Gather.PostfilterMethod:1          ; Median3x3 postfilering method]]
[2020.12.02-17.40.45:663][  0]LogConfig: Setting CVar [[r.DOF.Gather.EnableBokehSettings:0       ; no bokeh simulation when gathering]]
[2020.12.02-17.40.45:663][  0]LogConfig: Setting CVar [[r.DOF.Gather.RingCount:4                 ; medium number of samples when gathering]]
[2020.12.02-17.40.45:663][  0]LogConfig: Setting CVar [[r.DOF.Scatter.ForegroundCompositing:1    ; additive foreground scattering]]
[2020.12.02-17.40.45:663][  0]LogConfig: Setting CVar [[r.DOF.Scatter.BackgroundCompositing:2    ; additive background scattering]]
[2020.12.02-17.40.45:663][  0]LogConfig: Setting CVar [[r.DOF.Scatter.EnableBokehSettings:1      ; bokeh simulation when scattering]]
[2020.12.02-17.40.45:663][  0]LogConfig: Setting CVar [[r.DOF.Scatter.MaxSpriteRatio:0.1         ; only a maximum of 10% of scattered bokeh]]
[2020.12.02-17.40.45:663][  0]LogConfig: Setting CVar [[r.DOF.Recombine.Quality:1                ; cheap slight out of focus]]
[2020.12.02-17.40.45:663][  0]LogConfig: Setting CVar [[r.DOF.Recombine.EnableBokehSettings:0    ; no bokeh simulation on slight out of focus]]
[2020.12.02-17.40.45:663][  0]LogConfig: Setting CVar [[r.DOF.TemporalAAQuality:1                ; more stable temporal accumulation]]
[2020.12.02-17.40.45:663][  0]LogConfig: Setting CVar [[r.DOF.Kernel.MaxForegroundRadius:0.025]]
[2020.12.02-17.40.45:663][  0]LogConfig: Setting CVar [[r.DOF.Kernel.MaxBackgroundRadius:0.025]]
[2020.12.02-17.40.45:663][  0]LogConfig: Applying CVar settings from Section [TextureQuality@3] File [C:/Users/bouss/Documents/GitHub/CidreLand/CidreLand/Saved/Config/Windows/Scalability.ini]
[2020.12.02-17.40.45:663][  0]LogConfig: Setting CVar [[r.Streaming.MipBias:0]]
[2020.12.02-17.40.45:663][  0]LogConfig: Setting CVar [[r.Streaming.AmortizeCPUToGPUCopy:0]]
[2020.12.02-17.40.45:663][  0]LogConfig: Setting CVar [[r.Streaming.MaxNumTexturesToStreamPerFrame:0]]
[2020.12.02-17.40.45:663][  0]LogConfig: Setting CVar [[r.Streaming.Boost:1]]
[2020.12.02-17.40.45:663][  0]LogConfig: Setting CVar [[r.MaxAnisotropy:8]]
[2020.12.02-17.40.45:663][  0]LogConfig: Setting CVar [[r.VT.MaxAnisotropy:8]]
[2020.12.02-17.40.45:663][  0]LogConfig: Setting CVar [[r.Streaming.LimitPoolSizeToVRAM:0]]
[2020.12.02-17.40.45:663][  0]LogConfig: Setting CVar [[r.Streaming.PoolSize:1000]]
[2020.12.02-17.40.45:663][  0]LogConfig: Setting CVar [[r.Streaming.MaxEffectiveScreenSize:0]]
[2020.12.02-17.40.45:663][  0]LogConfig: Applying CVar settings from Section [EffectsQuality@3] File [C:/Users/bouss/Documents/GitHub/CidreLand/CidreLand/Saved/Config/Windows/Scalability.ini]
[2020.12.02-17.40.45:663][  0]LogConfig: Setting CVar [[r.TranslucencyLightingVolumeDim:64]]
[2020.12.02-17.40.45:663][  0]LogConfig: Setting CVar [[r.RefractionQuality:2]]
[2020.12.02-17.40.45:663][  0]LogConfig: Setting CVar [[r.SSR.Quality:3]]
[2020.12.02-17.40.45:663][  0]LogConfig: Setting CVar [[r.SSR.HalfResSceneColor:0]]
[2020.12.02-17.40.45:663][  0]LogConfig: Setting CVar [[r.SceneColorFormat:4]]
[2020.12.02-17.40.45:663][  0]LogConfig: Setting CVar [[r.DetailMode:2]]
[2020.12.02-17.40.45:663][  0]LogConfig: Setting CVar [[r.TranslucencyVolumeBlur:1]]
[2020.12.02-17.40.45:663][  0]LogConfig: Setting CVar [[r.MaterialQualityLevel:1 ; High quality]]
[2020.12.02-17.40.45:663][  0]LogConfig: Setting CVar [[r.SSS.Scale:1]]
[2020.12.02-17.40.45:663][  0]LogConfig: Setting CVar [[r.SSS.SampleSet:2]]
[2020.12.02-17.40.45:663][  0]LogConfig: Setting CVar [[r.SSS.Quality:1]]
[2020.12.02-17.40.45:663][  0]LogConfig: Setting CVar [[r.SSS.HalfRes:0]]
[2020.12.02-17.40.45:663][  0]LogConfig: Setting CVar [[r.SSGI.Quality:3]]
[2020.12.02-17.40.45:663][  0]LogConfig: Setting CVar [[r.EmitterSpawnRateScale:1.0]]
[2020.12.02-17.40.45:663][  0]LogConfig: Setting CVar [[r.ParticleLightQuality:2]]
[2020.12.02-17.40.45:663][  0]LogConfig: Setting CVar [[r.SkyAtmosphere.AerialPerspectiveLUT.FastApplyOnOpaque:1 ; Always have FastSkyLUT 1 in this case to avoid wrong sky]]
[2020.12.02-17.40.45:664][  0]LogConfig: Setting CVar [[r.SkyAtmosphere.AerialPerspectiveLUT.SampleCountPerSlice:1]]
[2020.12.02-17.40.45:664][  0]LogConfig: Setting CVar [[r.SkyAtmosphere.AerialPerspectiveLUT.DepthResolution:16.0]]
[2020.12.02-17.40.45:664][  0]LogConfig: Setting CVar [[r.SkyAtmosphere.FastSkyLUT:1]]
[2020.12.02-17.40.45:664][  0]LogConfig: Setting CVar [[r.SkyAtmosphere.FastSkyLUT.SampleCountMin:4.0]]
[2020.12.02-17.40.45:664][  0]LogConfig: Setting CVar [[r.SkyAtmosphere.FastSkyLUT.SampleCountMax:32.0]]
[2020.12.02-17.40.45:664][  0]LogConfig: Setting CVar [[r.SkyAtmosphere.SampleCountMin:4.0]]
[2020.12.02-17.40.45:664][  0]LogConfig: Setting CVar [[r.SkyAtmosphere.SampleCountMax:32.0]]
[2020.12.02-17.40.45:664][  0]LogConfig: Setting CVar [[r.SkyAtmosphere.TransmittanceLUT.UseSmallFormat:0]]
[2020.12.02-17.40.45:664][  0]LogConfig: Setting CVar [[r.SkyAtmosphere.TransmittanceLUT.SampleCount:10.0]]
[2020.12.02-17.40.45:664][  0]LogConfig: Setting CVar [[r.SkyAtmosphere.MultiScatteringLUT.SampleCount:15.0]]
[2020.12.02-17.40.45:664][  0]LogConfig: Applying CVar settings from Section [FoliageQuality@3] File [C:/Users/bouss/Documents/GitHub/CidreLand/CidreLand/Saved/Config/Windows/Scalability.ini]
[2020.12.02-17.40.45:664][  0]LogConfig: Setting CVar [[foliage.DensityScale:1.0]]
[2020.12.02-17.40.45:664][  0]LogConfig: Setting CVar [[grass.DensityScale:1.0]]
[2020.12.02-17.40.45:664][  0]LogConfig: Applying CVar settings from Section [ShadingQuality@3] File [C:/Users/bouss/Documents/GitHub/CidreLand/CidreLand/Saved/Config/Windows/Scalability.ini]
[2020.12.02-17.40.45:664][  0]LogConfig: Setting CVar [[r.HairStrands.SkyLighting.SampleCount:16]]
[2020.12.02-17.40.45:664][  0]LogConfig: Setting CVar [[r.HairStrands.SkyLighting.JitterIntegration:0]]
[2020.12.02-17.40.45:664][  0]LogConfig: Setting CVar [[r.HairStrands.SkyAO.SampleCount:16]]
[2020.12.02-17.40.45:664][  0]LogConfig: Setting CVar [[r.HairStrands.DeepShadow.SuperSampling:0]]
[2020.12.02-17.40.45:664][  0]LogConfig: Setting CVar [[r.HairStrands.VisibilityPPLL:0]]
[2020.12.02-17.40.45:664][  0]LogConfig: Setting CVar [[r.HairStrands.RasterizationScale:0.5]]
[2020.12.02-17.40.45:664][  0]LogConfig: Setting CVar [[r.HairStrands.VelocityRasterizationScale:1]]
[2020.12.02-17.40.45:664][  0]LogInit: Selected Device Profile: [Windows]
[2020.12.02-17.40.45:664][  0]LogInit: Applying CVar settings loaded from the selected device profile: [Windows]
[2020.12.02-17.40.45:664][  0]LogHAL: Display: Platform has ~ 16 GB [17013522432 / 17179869184 / 16], which maps to Larger [LargestMinGB=32, LargerMinGB=12, DefaultMinGB=8, SmallerMinGB=6, SmallestMinGB=0)
[2020.12.02-17.40.45:664][  0]LogInit: Going up to parent DeviceProfile []
[2020.12.02-17.40.45:664][  0]LogConfig: Applying CVar settings from Section [ViewDistanceQuality@3] File [C:/Users/bouss/Documents/GitHub/CidreLand/CidreLand/Saved/Config/Windows/Scalability.ini]
[2020.12.02-17.40.45:664][  0]LogConfig: Setting CVar [[r.SkeletalMeshLODBias:0]]
[2020.12.02-17.40.45:664][  0]LogConfig: Setting CVar [[r.ViewDistanceScale:1.0]]
[2020.12.02-17.40.45:664][  0]LogConfig: Applying CVar settings from Section [AntiAliasingQuality@3] File [C:/Users/bouss/Documents/GitHub/CidreLand/CidreLand/Saved/Config/Windows/Scalability.ini]
[2020.12.02-17.40.45:664][  0]LogConfig: Setting CVar [[r.PostProcessAAQuality:4]]
[2020.12.02-17.40.45:664][  0]LogConfig: Applying CVar settings from Section [ShadowQuality@3] File [C:/Users/bouss/Documents/GitHub/CidreLand/CidreLand/Saved/Config/Windows/Scalability.ini]
[2020.12.02-17.40.45:664][  0]LogConfig: Setting CVar [[r.LightFunctionQuality:1]]
[2020.12.02-17.40.45:664][  0]LogConfig: Setting CVar [[r.ShadowQuality:5]]
[2020.12.02-17.40.45:664][  0]LogConfig: Setting CVar [[r.Shadow.CSM.MaxCascades:10]]
[2020.12.02-17.40.45:664][  0]LogConfig: Setting CVar [[r.Shadow.MaxResolution:2048]]
[2020.12.02-17.40.45:664][  0]LogConfig: Setting CVar [[r.Shadow.MaxCSMResolution:2048]]
[2020.12.02-17.40.45:664][  0]LogConfig: Setting CVar [[r.Shadow.RadiusThreshold:0.01]]
[2020.12.02-17.40.45:664][  0]LogConfig: Setting CVar [[r.Shadow.DistanceScale:1.0]]
[2020.12.02-17.40.45:664][  0]LogConfig: Setting CVar [[r.Shadow.CSM.TransitionScale:1.0]]
[2020.12.02-17.40.45:664][  0]LogConfig: Setting CVar [[r.Shadow.PreShadowResolutionFactor:1.0]]
[2020.12.02-17.40.45:664][  0]LogConfig: Setting CVar [[r.DistanceFieldShadowing:1]]
[2020.12.02-17.40.45:664][  0]LogConfig: Setting CVar [[r.DistanceFieldAO:1]]
[2020.12.02-17.40.45:664][  0]LogConfig: Setting CVar [[r.AOQuality:2]]
[2020.12.02-17.40.45:664][  0]LogConfig: Setting CVar [[r.VolumetricFog:1]]
[2020.12.02-17.40.45:664][  0]LogConfig: Setting CVar [[r.VolumetricFog.GridPixelSize:8]]
[2020.12.02-17.40.45:664][  0]LogConfig: Setting CVar [[r.VolumetricFog.GridSizeZ:128]]
[2020.12.02-17.40.45:664][  0]LogConfig: Setting CVar [[r.VolumetricFog.HistoryMissSupersampleCount:4]]
[2020.12.02-17.40.45:664][  0]LogConfig: Setting CVar [[r.LightMaxDrawDistanceScale:1]]
[2020.12.02-17.40.45:664][  0]LogConfig: Setting CVar [[r.CapsuleShadows:1]]
[2020.12.02-17.40.45:664][  0]LogConfig: Applying CVar settings from Section [PostProcessQuality@3] File [C:/Users/bouss/Documents/GitHub/CidreLand/CidreLand/Saved/Config/Windows/Scalability.ini]
[2020.12.02-17.40.45:664][  0]LogConfig: Setting CVar [[r.MotionBlurQuality:4]]
[2020.12.02-17.40.45:664][  0]LogConfig: Setting CVar [[r.AmbientOcclusionMipLevelFactor:0.4]]
[2020.12.02-17.40.45:664][  0]LogConfig: Setting CVar [[r.AmbientOcclusionMaxQuality:100]]
[2020.12.02-17.40.45:664][  0]LogConfig: Setting CVar [[r.AmbientOcclusionLevels:-1]]
[2020.12.02-17.40.45:664][  0]LogConfig: Setting CVar [[r.AmbientOcclusionRadiusScale:1.0]]
[2020.12.02-17.40.45:664][  0]LogConfig: Setting CVar [[r.DepthOfFieldQuality:2]]
[2020.12.02-17.40.45:664][  0]LogConfig: Setting CVar [[r.RenderTargetPoolMin:400]]
[2020.12.02-17.40.45:664][  0]LogConfig: Setting CVar [[r.LensFlareQuality:2]]
[2020.12.02-17.40.45:664][  0]LogConfig: Setting CVar [[r.SceneColorFringeQuality:1]]
[2020.12.02-17.40.45:664][  0]LogConfig: Setting CVar [[r.EyeAdaptationQuality:2]]
[2020.12.02-17.40.45:664][  0]LogConfig: Setting CVar [[r.BloomQuality:5]]
[2020.12.02-17.40.45:664][  0]LogConfig: Setting CVar [[r.FastBlurThreshold:100]]
[2020.12.02-17.40.45:664][  0]LogConfig: Setting CVar [[r.Upscale.Quality:3]]
[2020.12.02-17.40.45:664][  0]LogConfig: Setting CVar [[r.Tonemapper.GrainQuantization:1]]
[2020.12.02-17.40.45:664][  0]LogConfig: Setting CVar [[r.LightShaftQuality:1]]
[2020.12.02-17.40.45:664][  0]LogConfig: Setting CVar [[r.Filter.SizeScale:1]]
[2020.12.02-17.40.45:664][  0]LogConfig: Setting CVar [[r.Tonemapper.Quality:5]]
[2020.12.02-17.40.45:664][  0]LogConfig: Setting CVar [[r.DOF.Gather.AccumulatorQuality:1        ; higher gathering accumulator quality]]
[2020.12.02-17.40.45:664][  0]LogConfig: Setting CVar [[r.DOF.Gather.PostfilterMethod:1          ; Median3x3 postfilering method]]
[2020.12.02-17.40.45:664][  0]LogConfig: Setting CVar [[r.DOF.Gather.EnableBokehSettings:0       ; no bokeh simulation when gathering]]
[2020.12.02-17.40.45:664][  0]LogConfig: Setting CVar [[r.DOF.Gather.RingCount:4                 ; medium number of samples when gathering]]
[2020.12.02-17.40.45:664][  0]LogConfig: Setting CVar [[r.DOF.Scatter.ForegroundCompositing:1    ; additive foreground scattering]]
[2020.12.02-17.40.45:664][  0]LogConfig: Setting CVar [[r.DOF.Scatter.BackgroundCompositing:2    ; additive background scattering]]
[2020.12.02-17.40.45:664][  0]LogConfig: Setting CVar [[r.DOF.Scatter.EnableBokehSettings:1      ; bokeh simulation when scattering]]
[2020.12.02-17.40.45:664][  0]LogConfig: Setting CVar [[r.DOF.Scatter.MaxSpriteRatio:0.1         ; only a maximum of 10% of scattered bokeh]]
[2020.12.02-17.40.45:664][  0]LogConfig: Setting CVar [[r.DOF.Recombine.Quality:1                ; cheap slight out of focus]]
[2020.12.02-17.40.45:665][  0]LogConfig: Setting CVar [[r.DOF.Recombine.EnableBokehSettings:0    ; no bokeh simulation on slight out of focus]]
[2020.12.02-17.40.45:665][  0]LogConfig: Setting CVar [[r.DOF.TemporalAAQuality:1                ; more stable temporal accumulation]]
[2020.12.02-17.40.45:665][  0]LogConfig: Setting CVar [[r.DOF.Kernel.MaxForegroundRadius:0.025]]
[2020.12.02-17.40.45:665][  0]LogConfig: Setting CVar [[r.DOF.Kernel.MaxBackgroundRadius:0.025]]
[2020.12.02-17.40.45:665][  0]LogConfig: Applying CVar settings from Section [TextureQuality@3] File [C:/Users/bouss/Documents/GitHub/CidreLand/CidreLand/Saved/Config/Windows/Scalability.ini]
[2020.12.02-17.40.45:665][  0]LogConfig: Setting CVar [[r.Streaming.MipBias:0]]
[2020.12.02-17.40.45:665][  0]LogConfig: Setting CVar [[r.Streaming.AmortizeCPUToGPUCopy:0]]
[2020.12.02-17.40.45:665][  0]LogConfig: Setting CVar [[r.Streaming.MaxNumTexturesToStreamPerFrame:0]]
[2020.12.02-17.40.45:665][  0]LogConfig: Setting CVar [[r.Streaming.Boost:1]]
[2020.12.02-17.40.45:665][  0]LogConfig: Setting CVar [[r.MaxAnisotropy:8]]
[2020.12.02-17.40.45:665][  0]LogConfig: Setting CVar [[r.VT.MaxAnisotropy:8]]
[2020.12.02-17.40.45:665][  0]LogConfig: Setting CVar [[r.Streaming.LimitPoolSizeToVRAM:0]]
[2020.12.02-17.40.45:665][  0]LogConfig: Setting CVar [[r.Streaming.PoolSize:1000]]
[2020.12.02-17.40.45:665][  0]LogConfig: Setting CVar [[r.Streaming.MaxEffectiveScreenSize:0]]
[2020.12.02-17.40.45:665][  0]LogConfig: Applying CVar settings from Section [EffectsQuality@3] File [C:/Users/bouss/Documents/GitHub/CidreLand/CidreLand/Saved/Config/Windows/Scalability.ini]
[2020.12.02-17.40.45:665][  0]LogConfig: Setting CVar [[r.TranslucencyLightingVolumeDim:64]]
[2020.12.02-17.40.45:665][  0]LogConfig: Setting CVar [[r.RefractionQuality:2]]
[2020.12.02-17.40.45:665][  0]LogConfig: Setting CVar [[r.SSR.Quality:3]]
[2020.12.02-17.40.45:665][  0]LogConfig: Setting CVar [[r.SSR.HalfResSceneColor:0]]
[2020.12.02-17.40.45:665][  0]LogConfig: Setting CVar [[r.SceneColorFormat:4]]
[2020.12.02-17.40.45:665][  0]LogConfig: Setting CVar [[r.DetailMode:2]]
[2020.12.02-17.40.45:665][  0]LogConfig: Setting CVar [[r.TranslucencyVolumeBlur:1]]
[2020.12.02-17.40.45:665][  0]LogConfig: Setting CVar [[r.MaterialQualityLevel:1 ; High quality]]
[2020.12.02-17.40.45:665][  0]LogConfig: Setting CVar [[r.SSS.Scale:1]]
[2020.12.02-17.40.45:665][  0]LogConfig: Setting CVar [[r.SSS.SampleSet:2]]
[2020.12.02-17.40.45:665][  0]LogConfig: Setting CVar [[r.SSS.Quality:1]]
[2020.12.02-17.40.45:665][  0]LogConfig: Setting CVar [[r.SSS.HalfRes:0]]
[2020.12.02-17.40.45:665][  0]LogConfig: Setting CVar [[r.SSGI.Quality:3]]
[2020.12.02-17.40.45:665][  0]LogConfig: Setting CVar [[r.EmitterSpawnRateScale:1.0]]
[2020.12.02-17.40.45:665][  0]LogConfig: Setting CVar [[r.ParticleLightQuality:2]]
[2020.12.02-17.40.45:665][  0]LogConfig: Setting CVar [[r.SkyAtmosphere.AerialPerspectiveLUT.FastApplyOnOpaque:1 ; Always have FastSkyLUT 1 in this case to avoid wrong sky]]
[2020.12.02-17.40.45:665][  0]LogConfig: Setting CVar [[r.SkyAtmosphere.AerialPerspectiveLUT.SampleCountPerSlice:1]]
[2020.12.02-17.40.45:665][  0]LogConfig: Setting CVar [[r.SkyAtmosphere.AerialPerspectiveLUT.DepthResolution:16.0]]
[2020.12.02-17.40.45:665][  0]LogConfig: Setting CVar [[r.SkyAtmosphere.FastSkyLUT:1]]
[2020.12.02-17.40.45:665][  0]LogConfig: Setting CVar [[r.SkyAtmosphere.FastSkyLUT.SampleCountMin:4.0]]
[2020.12.02-17.40.45:665][  0]LogConfig: Setting CVar [[r.SkyAtmosphere.FastSkyLUT.SampleCountMax:32.0]]
[2020.12.02-17.40.45:665][  0]LogConfig: Setting CVar [[r.SkyAtmosphere.SampleCountMin:4.0]]
[2020.12.02-17.40.45:665][  0]LogConfig: Setting CVar [[r.SkyAtmosphere.SampleCountMax:32.0]]
[2020.12.02-17.40.45:665][  0]LogConfig: Setting CVar [[r.SkyAtmosphere.TransmittanceLUT.UseSmallFormat:0]]
[2020.12.02-17.40.45:665][  0]LogConfig: Setting CVar [[r.SkyAtmosphere.TransmittanceLUT.SampleCount:10.0]]
[2020.12.02-17.40.45:665][  0]LogConfig: Setting CVar [[r.SkyAtmosphere.MultiScatteringLUT.SampleCount:15.0]]
[2020.12.02-17.40.45:665][  0]LogConfig: Applying CVar settings from Section [FoliageQuality@3] File [C:/Users/bouss/Documents/GitHub/CidreLand/CidreLand/Saved/Config/Windows/Scalability.ini]
[2020.12.02-17.40.45:665][  0]LogConfig: Setting CVar [[foliage.DensityScale:1.0]]
[2020.12.02-17.40.45:665][  0]LogConfig: Setting CVar [[grass.DensityScale:1.0]]
[2020.12.02-17.40.45:665][  0]LogConfig: Applying CVar settings from Section [ShadingQuality@3] File [C:/Users/bouss/Documents/GitHub/CidreLand/CidreLand/Saved/Config/Windows/Scalability.ini]
[2020.12.02-17.40.45:665][  0]LogConfig: Setting CVar [[r.HairStrands.SkyLighting.SampleCount:16]]
[2020.12.02-17.40.45:665][  0]LogConfig: Setting CVar [[r.HairStrands.SkyLighting.JitterIntegration:0]]
[2020.12.02-17.40.45:665][  0]LogConfig: Setting CVar [[r.HairStrands.SkyAO.SampleCount:16]]
[2020.12.02-17.40.45:665][  0]LogConfig: Setting CVar [[r.HairStrands.DeepShadow.SuperSampling:0]]
[2020.12.02-17.40.45:665][  0]LogConfig: Setting CVar [[r.HairStrands.VisibilityPPLL:0]]
[2020.12.02-17.40.45:665][  0]LogConfig: Setting CVar [[r.HairStrands.RasterizationScale:0.5]]
[2020.12.02-17.40.45:665][  0]LogConfig: Setting CVar [[r.HairStrands.VelocityRasterizationScale:1]]
[2020.12.02-17.40.45:665][  0]LogConfig: Applying CVar settings from Section [Startup] File [../../../Engine/Config/ConsoleVariables.ini]
[2020.12.02-17.40.45:665][  0]LogConfig: Setting CVar [[net.UseAdaptiveNetUpdateFrequency:0]]
[2020.12.02-17.40.45:665][  0]LogConfig: Setting CVar [[p.chaos.AllowCreatePhysxBodies:1]]
[2020.12.02-17.40.45:665][  0]LogConfig: Setting CVar [[fx.SkipVectorVMBackendOptimizations:1]]
[2020.12.02-17.40.45:665][  0]LogConfig: Applying CVar settings from Section [ConsoleVariables] File [C:/Users/bouss/Documents/GitHub/CidreLand/CidreLand/Saved/Config/Windows/Engine.ini]
[2020.12.02-17.40.45:666][  0]LogInit: Computer: MSI
[2020.12.02-17.40.45:666][  0]LogInit: User: bouss
[2020.12.02-17.40.45:666][  0]LogInit: CPU Page size=4096, Cores=6
[2020.12.02-17.40.45:666][  0]LogInit: High frequency timer resolution =10.000000 MHz
[2020.12.02-17.40.45:666][  0]LogMemory: Memory total: Physical=15.8GB (16GB approx)
[2020.12.02-17.40.45:666][  0]LogMemory: Platform Memory Stats for Windows
[2020.12.02-17.40.45:666][  0]LogMemory: Process Physical Memory: 116.03 MB used, 116.04 MB peak
[2020.12.02-17.40.45:666][  0]LogMemory: Process Virtual Memory: 99.03 MB used, 99.03 MB peak
[2020.12.02-17.40.45:666][  0]LogMemory: Physical Memory: 10026.50 MB used,  6198.86 MB free, 16225.36 MB total
[2020.12.02-17.40.45:666][  0]LogMemory: Virtual Memory: 5145.65 MB used,  134212584.00 MB free, 134217728.00 MB total
[2020.12.02-17.40.45:777][  0]LogWindows: WindowsPlatformFeatures enabled
[2020.12.02-17.40.45:815][  0]LogInit: Physics initialised using underlying interface: PhysX
[2020.12.02-17.40.45:816][  0]LogInit: Using OS detected language (fr-FR).
[2020.12.02-17.40.45:816][  0]LogInit: Using OS detected locale (fr-FR).
[2020.12.02-17.40.45:820][  0]LogTextLocalizationManager: No specific localization for 'fr-FR' exists, so the 'fr' localization will be used.
[2020.12.02-17.40.45:820][  0]LogTextLocalizationResource: LocRes '../../../Engine/Content/Localization/Editor/fr/Editor.locres' could not be opened for reading!
[2020.12.02-17.40.45:820][  0]LogTextLocalizationResource: LocRes '../../../Engine/Content/Localization/EditorTutorials/fr/EditorTutorials.locres' could not be opened for reading!
[2020.12.02-17.40.45:820][  0]LogTextLocalizationResource: LocRes '../../../Engine/Content/Localization/Keywords/fr/Keywords.locres' could not be opened for reading!
[2020.12.02-17.40.45:820][  0]LogTextLocalizationResource: LocRes '../../../Engine/Content/Localization/Category/fr/Category.locres' could not be opened for reading!
[2020.12.02-17.40.45:820][  0]LogTextLocalizationResource: LocRes '../../../Engine/Content/Localization/ToolTips/fr/ToolTips.locres' could not be opened for reading!
[2020.12.02-17.40.45:821][  0]LogTextLocalizationResource: LocRes '../../../Engine/Content/Localization/PropertyNames/fr/PropertyNames.locres' could not be opened for reading!
[2020.12.02-17.40.45:821][  0]LogTextLocalizationResource: LocRes '../../../Engine/Content/Localization/Engine/fr/Engine.locres' could not be opened for reading!
[2020.12.02-17.40.45:822][  0]LogInit: Setting process to per monitor DPI aware
[2020.12.02-17.40.45:855][  0]LogSlate: New Slate User Created.  User Index 0, Is Virtual User: 0
[2020.12.02-17.40.45:856][  0]LogSlate: Slate User Registered.  User Index 0, Is Virtual User: 0
[2020.12.02-17.40.51:562][  0]LogHMD: Failed to initialize OpenVR with code 108
[2020.12.02-17.40.51:562][  0]LogD3D11RHI: D3D11 min allowed feature level: 11_0
[2020.12.02-17.40.51:562][  0]LogD3D11RHI: D3D11 max allowed feature level: 11_0
[2020.12.02-17.40.51:562][  0]LogD3D11RHI: D3D11 adapters:
[2020.12.02-17.40.51:652][  0]LogD3D11RHI:    0. 'NVIDIA GeForce RTX 2060' (Feature Level 11_0)
[2020.12.02-17.40.51:652][  0]LogD3D11RHI:       5980/0/8112 MB DedicatedVideo/DedicatedSystem/SharedSystem, Outputs:1, VendorId:0x10de
[2020.12.02-17.40.51:688][  0]LogD3D11RHI:    1. 'Intel(R) UHD Graphics 630' (Feature Level 11_0)
[2020.12.02-17.40.51:688][  0]LogD3D11RHI:       128/0/8112 MB DedicatedVideo/DedicatedSystem/SharedSystem, Outputs:0, VendorId:0x8086
[2020.12.02-17.40.51:692][  0]LogD3D11RHI:    2. 'Microsoft Basic Render Driver' (Feature Level 11_0)
[2020.12.02-17.40.51:692][  0]LogD3D11RHI:       0/0/8112 MB DedicatedVideo/DedicatedSystem/SharedSystem, Outputs:0, VendorId:0x1414
[2020.12.02-17.40.51:692][  0]LogD3D11RHI: Chosen D3D11 Adapter: 0
[2020.12.02-17.40.51:741][  0]LogD3D11RHI: Creating new Direct3DDevice
[2020.12.02-17.40.51:741][  0]LogD3D11RHI:     GPU DeviceId: 0x1f15 (for the marketing name, search the web for "GPU Device Id")
[2020.12.02-17.40.51:741][  0]LogWindows: EnumDisplayDevices:
[2020.12.02-17.40.51:742][  0]LogWindows:    0. 'Intel(R) UHD Graphics 630' (P:1 D:1)
[2020.12.02-17.40.51:742][  0]LogWindows:    1. 'Intel(R) UHD Graphics 630' (P:0 D:0)
[2020.12.02-17.40.51:744][  0]LogWindows:    2. 'Intel(R) UHD Graphics 630' (P:0 D:0)
[2020.12.02-17.40.51:745][  0]LogWindows:    3. 'NVIDIA GeForce RTX 2060' (P:0 D:0)
[2020.12.02-17.40.51:745][  0]LogWindows: DebugString: PrimaryIsNotTheChoosenAdapter PrimaryIsNotTheChoosenAdapter PrimaryIsNotTheChoosenAdapter 
[2020.12.02-17.40.51:745][  0]LogD3D11RHI:     Adapter Name: NVIDIA GeForce RTX 2060
[2020.12.02-17.40.51:745][  0]LogD3D11RHI:   Driver Version: 441.87 (internal:26.21.14.4187, unified:441.87)
[2020.12.02-17.40.51:745][  0]LogD3D11RHI:      Driver Date: 12-24-2019
[2020.12.02-17.40.51:746][  0]LogRHI: Texture pool is 4186 MB (70% of 5980 MB)
[2020.12.02-17.40.51:789][  0]LogD3D11RHI: RHI has support for 64 bit atomics
[2020.12.02-17.40.51:789][  0]LogD3D11RHI: Async texture creation enabled
[2020.12.02-17.40.51:789][  0]LogD3D11RHI: Array index from any shader is supported
[2020.12.02-17.40.51:804][  0]LogD3D11RHI: GPU Timing Frequency: 1000.000000 (Debug: 2 1)
[2020.12.02-17.40.52:214][  0]LogTargetPlatformManager: Display: Loaded TargetPlatform 'AllDesktop'
[2020.12.02-17.40.52:238][  0]LogTargetPlatformManager: Display: Loaded TargetPlatform 'Android'
[2020.12.02-17.40.52:238][  0]LogTargetPlatformManager: Display: Loaded TargetPlatform 'Android_ASTC'
[2020.12.02-17.40.52:238][  0]LogTargetPlatformManager: Display: Loaded TargetPlatform 'Android_DXT'
[2020.12.02-17.40.52:238][  0]LogTargetPlatformManager: Display: Loaded TargetPlatform 'Android_ETC2'
[2020.12.02-17.40.52:238][  0]LogTargetPlatformManager: Display: Loaded TargetPlatform 'AndroidClient'
[2020.12.02-17.40.52:238][  0]LogTargetPlatformManager: Display: Loaded TargetPlatform 'Android_ASTCClient'
[2020.12.02-17.40.52:238][  0]LogTargetPlatformManager: Display: Loaded TargetPlatform 'Android_DXTClient'
[2020.12.02-17.40.52:238][  0]LogTargetPlatformManager: Display: Loaded TargetPlatform 'Android_ETC2Client'
[2020.12.02-17.40.52:239][  0]LogTargetPlatformManager: Display: Loaded TargetPlatform 'Android_Multi'
[2020.12.02-17.40.52:239][  0]LogTargetPlatformManager: Display: Loaded TargetPlatform 'Android_MultiClient'
[2020.12.02-17.40.52:270][  0]LogTargetPlatformManager: Display: Loaded TargetPlatform 'IOSClient'
[2020.12.02-17.40.52:270][  0]LogTargetPlatformManager: Display: Loaded TargetPlatform 'IOS'
[2020.12.02-17.40.52:284][  0]LogTargetPlatformManager: Display: Loaded TargetPlatform 'Linux'
[2020.12.02-17.40.52:294][  0]LogTargetPlatformManager: Display: Loaded TargetPlatform 'LinuxNoEditor'
[2020.12.02-17.40.52:307][  0]LogTargetPlatformManager: Display: Loaded TargetPlatform 'LinuxClient'
[2020.12.02-17.40.52:318][  0]LogTargetPlatformManager: Display: Loaded TargetPlatform 'LinuxServer'
[2020.12.02-17.40.52:331][  0]LogTargetPlatformManager: Display: Loaded TargetPlatform 'LinuxAArch64NoEditor'
[2020.12.02-17.40.52:347][  0]LogTargetPlatformManager: Display: Loaded TargetPlatform 'LinuxAArch64Client'
[2020.12.02-17.40.52:362][  0]LogTargetPlatformManager: Display: Loaded TargetPlatform 'LinuxAArch64Server'
[2020.12.02-17.40.52:402][  0]LogTargetPlatformManager: Display: Loaded TargetPlatform 'Lumin'
[2020.12.02-17.40.52:402][  0]LogTargetPlatformManager: Display: Loaded TargetPlatform 'LuminClient'
[2020.12.02-17.40.52:421][  0]LogTargetPlatformManager: Display: Loaded TargetPlatform 'TVOSClient'
[2020.12.02-17.40.52:421][  0]LogTargetPlatformManager: Display: Loaded TargetPlatform 'TVOS'
[2020.12.02-17.40.52:435][  0]LogTargetPlatformManager: Display: Loaded TargetPlatform 'WindowsNoEditor'
[2020.12.02-17.40.52:445][  0]LogTargetPlatformManager: Display: Loaded TargetPlatform 'Windows'
[2020.12.02-17.40.52:456][  0]LogTargetPlatformManager: Display: Loaded TargetPlatform 'WindowsClient'
[2020.12.02-17.40.52:467][  0]LogTargetPlatformManager: Display: Loaded TargetPlatform 'WindowsServer'
[2020.12.02-17.40.52:467][  0]LogTargetPlatformManager: Display: Building Assets For Windows
[2020.12.02-17.40.52:477][  0]LogAudioDebug: Display: Lib vorbis DLL was dynamically loaded.
[2020.12.02-17.40.52:560][  0]LogShaderCompilers: Guid format shader working directory is -21 characters bigger than the processId version (../../../../../../Users/bouss/Documents/GitHub/CidreLand/CidreLand/Intermediate/Shaders/WorkingDirectory/26740/).
[2020.12.02-17.40.52:560][  0]LogShaderCompilers: Cleaned the shader compiler working directory 'C:/Users/bouss/AppData/Local/Temp/UnrealShaderWorkingDir/CE08C4434C935550250F05B869AA04A6/'.
[2020.12.02-17.40.52:561][  0]LogXGEController: Cannot use XGE Controller as Incredibuild is not installed on this machine.
[2020.12.02-17.40.52:561][  0]LogShaderCompilers: Cannot use XGE Shader Compiler as Incredibuild is not installed on this machine.
[2020.12.02-17.40.52:561][  0]LogShaderCompilers: Display: Using Local Shader Compiler.
[2020.12.02-17.40.53:465][  0]LogDerivedDataCache: Display: Max Cache Size: 512 MB
[2020.12.02-17.40.53:532][  0]LogDerivedDataCache: Loaded boot cache 0.07s 75MB C:/Users/bouss/AppData/Local/UnrealEngine/4.25/DerivedDataCache/Boot.ddc.
[2020.12.02-17.40.53:532][  0]LogDerivedDataCache: Display: Loaded Boot cache: C:/Users/bouss/AppData/Local/UnrealEngine/4.25/DerivedDataCache/Boot.ddc
[2020.12.02-17.40.53:532][  0]LogDerivedDataCache: FDerivedDataBackendGraph:  Pak pak cache file ../../../../../../Users/bouss/Documents/GitHub/CidreLand/CidreLand/DerivedDataCache/DDC.ddp not found, will not use a pak cache.
[2020.12.02-17.40.53:532][  0]LogDerivedDataCache: Unable to find inner node Pak for hierarchical cache Hierarchy.
[2020.12.02-17.40.53:533][  0]LogDerivedDataCache: FDerivedDataBackendGraph:  CompressedPak pak cache file ../../../../../../Users/bouss/Documents/GitHub/CidreLand/CidreLand/DerivedDataCache/Compressed.ddp not found, will not use a pak cache.
[2020.12.02-17.40.53:533][  0]LogDerivedDataCache: Unable to find inner node CompressedPak for hierarchical cache Hierarchy.
[2020.12.02-17.40.53:545][  0]LogDerivedDataCache: Display: Pak cache opened for reading ../../../Engine/DerivedDataCache/Compressed.ddp.
[2020.12.02-17.40.53:545][  0]LogDerivedDataCache: FDerivedDataBackendGraph:  EnterprisePak pak cache file ../../../Enterprise/DerivedDataCache/Compressed.ddp not found, will not use a pak cache.
[2020.12.02-17.40.53:545][  0]LogDerivedDataCache: Unable to find inner node EnterprisePak for hierarchical cache Hierarchy.
[2020.12.02-17.40.53:546][  0]LogDerivedDataCache: Using Local data cache path C:/Users/bouss/AppData/Local/UnrealEngine/Common/DerivedDataCache: Writable
[2020.12.02-17.40.53:546][  0]LogDerivedDataCache: Shared data cache path not found in *engine.ini, will not use an Shared cache.
[2020.12.02-17.40.53:546][  0]LogDerivedDataCache: Unable to find inner node Shared for hierarchical cache Hierarchy.
[2020.12.02-17.40.53:598][  0]LogSlate: Using FreeType 2.10.0
[2020.12.02-17.40.53:599][  0]LogSlate: SlateFontServices - WITH_FREETYPE: 1, WITH_HARFBUZZ: 1
[2020.12.02-17.40.53:624][  0]LogAssetRegistry: FAssetRegistry took 0.0024 seconds to start up
[2020.12.02-17.40.53:875][  0]LogInit: Selected Device Profile: [Windows]
[2020.12.02-17.40.53:997][  0]LogMeshReduction: Using QuadricMeshReduction for automatic static mesh reduction
[2020.12.02-17.40.53:997][  0]LogMeshReduction: Using SimplygonMeshReduction for automatic skeletal mesh reduction
[2020.12.02-17.40.53:998][  0]LogMeshReduction: Using ProxyLODMeshReduction for automatic mesh merging
[2020.12.02-17.40.53:998][  0]LogMeshReduction: No distributed automatic mesh merging module available
[2020.12.02-17.40.53:998][  0]LogMeshMerging: No distributed automatic mesh merging module available
[2020.12.02-17.40.54:012][  0]LogNetVersion: CidreLand 1.0.0, NetCL: 13144385, EngineNetVer: 14, GameNetVer: 0 (Checksum: 3254777192)
[2020.12.02-17.40.54:513][  0]LogAISub: UAISubsystem::UAISubsystem AISubsystem (000001B55E891880), frame # 0
[2020.12.02-17.40.54:513][  0]LogAISub: UAISubsystem::UAISubsystem AIPerceptionSystem (000001B55E7DEAC0), frame # 0
[2020.12.02-17.40.54:515][  0]LogAISub: UAISubsystem::UAISubsystem EnvQueryManager (000001B55E831E00), frame # 0
[2020.12.02-17.40.54:595][  0]LogPackageLocalizationCache: Processed 19 localized package path(s) for 1 prioritized culture(s) in 0.073603 seconds
[2020.12.02-17.40.54:603][  0]LogUObjectArray: 15917 objects as part of root set at end of initial load.
[2020.12.02-17.40.54:603][  0]LogUObjectAllocator: 3965568 out of 0 bytes used by permanent object pool.
[2020.12.02-17.40.54:603][  0]LogUObjectArray: CloseDisregardForGC: 0/0 objects in disregard for GC pool
[2020.12.02-17.40.55:036][  0]LogTcpMessaging: Initializing TcpMessaging bridge
[2020.12.02-17.40.55:040][  0]LogUdpMessaging: Initializing bridge on interface 0.0.0.0:0 to multicast group 230.0.0.1:6666.
[2020.12.02-17.40.55:136][  0]SourceControl: Source control is disabled
[2020.12.02-17.40.55:136][  0]SourceControl: Source control is disabled
[2020.12.02-17.40.55:140][  0]SourceControl: Source control is disabled
[2020.12.02-17.40.55:143][  0]SourceControl: Source control is disabled
[2020.12.02-17.40.55:151][  0]SourceControl: Source control is disabled
[2020.12.02-17.40.55:459][  0]LogAndroidPermission: UAndroidPermissionCallbackProxy::GetInstance
[2020.12.02-17.40.55:482][  0]LogAudioCaptureCore: Display: No Audio Capture implementations found. Audio input will be silent.
[2020.12.02-17.40.55:482][  0]LogAudioCaptureCore: Display: No Audio Capture implementations found. Audio input will be silent.
[2020.12.02-17.40.55:537][  0]LogOcInput: OculusInput pre-init called
[2020.12.02-17.40.55:551][  0]LogWindows: Failed to load 'OVRPlugin.dll' (GetLastError=126)
[2020.12.02-17.40.55:551][  0]LogWindows: File 'OVRPlugin.dll' does not exist
[2020.12.02-17.40.55:615][  0]LogEngine: Initializing Engine...
[2020.12.02-17.40.55:691][  0]LogHMD: Failed to initialize OpenVR with code 108
[2020.12.02-17.40.55:691][  0]LogMagicLeap: Warning: VR disabled because ZI is not enabled.  To enable, in the editor, Edit -> Project Settings -> Plugins -> Magic Leap Plugin -> Enable Zero Iteration
[2020.12.02-17.40.55:692][  0]LogStats: UGameplayTagsManager::InitializeManager -  0.000 s
[2020.12.02-17.40.55:840][  0]LogInit: Initializing FReadOnlyCVARCache
[2020.12.02-17.40.55:851][  0]LogAIModule: Creating AISystem for world Untitled
[2020.12.02-17.40.55:852][  0]LogAISub: UAISubsystem::UAISubsystem EnvQueryManager (000001B5645A3C00), frame # 0
[2020.12.02-17.40.55:852][  0]LogAISub: UAISubsystem::UAISubsystem AIPerceptionSystem (000001B56459FB00), frame # 0
[2020.12.02-17.40.55:876][  0]LogAudioMixer: Display: Audio Mixer Platform Settings:
[2020.12.02-17.40.55:876][  0]LogAudioMixer: Display: 	Sample Rate:						  48000
[2020.12.02-17.40.55:876][  0]LogAudioMixer: Display: 	Callback Buffer Frame Size Requested: 1024
[2020.12.02-17.40.55:876][  0]LogAudioMixer: Display: 	Callback Buffer Frame Size To Use:	  1024
[2020.12.02-17.40.55:876][  0]LogAudioMixer: Display: 	Number of buffers to queue:			  2
[2020.12.02-17.40.55:876][  0]LogAudioMixer: Display: 	Max Channels (voices):				  32
[2020.12.02-17.40.55:876][  0]LogAudioMixer: Display: 	Number of Async Source Workers:		  0
[2020.12.02-17.40.55:876][  0]LogAudio: Display: AudioDevice MaxSources: 32
[2020.12.02-17.40.55:876][  0]LogAudio: Display: Using built-in audio occlusion.
[2020.12.02-17.40.55:876][  0]LogAudioMixer: Display: Initializing audio mixer.
[2020.12.02-17.40.56:132][  0]LogAudioMixer: Display: 0: FrontLeft
[2020.12.02-17.40.56:132][  0]LogAudioMixer: Display: 1: FrontRight
[2020.12.02-17.40.56:132][  0]LogAudioMixer: Display: 2: FrontCenter
[2020.12.02-17.40.56:132][  0]LogAudioMixer: Display: 3: LowFrequency
[2020.12.02-17.40.56:132][  0]LogAudioMixer: Display: 4: BackLeft
[2020.12.02-17.40.56:132][  0]LogAudioMixer: Display: 5: BackRight
[2020.12.02-17.40.56:132][  0]LogAudioMixer: Display: 6: SideLeft
[2020.12.02-17.40.56:132][  0]LogAudioMixer: Display: 7: SideRight
[2020.12.02-17.40.56:932][  0]LogAudioMixer: Display: Using Audio Device Haut-parleurs (Realtek(R) Audio)
[2020.12.02-17.40.56:937][  0]LogAudioMixer: Display: Initializing Sound Submixes...
[2020.12.02-17.40.56:939][  0]LogAudioMixer: Display: Creating Master Submix 'MasterSubmixDefault'
[2020.12.02-17.40.56:939][  0]LogAudioMixer: Display: Creating Master Submix 'MasterReverbSubmixDefault'
[2020.12.02-17.40.56:940][  0]LogAudioMixer: Display: Creating Master Submix 'MasterEQSubmixDefault'
[2020.12.02-17.40.56:941][  0]LogInit: FAudioDevice initialized.
[2020.12.02-17.40.56:942][  0]LogNetVersion: Set ProjectVersion to 1.0.0.0. Version Checksum will be recalculated on next use.
[2020.12.02-17.40.57:061][  0]LogDerivedDataCache: Saved boot cache 0.12s 75MB C:/Users/bouss/AppData/Local/UnrealEngine/4.25/DerivedDataCache/Boot.ddc.
[2020.12.02-17.40.57:063][  0]LogInit: Texture streaming: Enabled
[2020.12.02-17.40.57:081][  0]LogEngineSessionManager: EngineSessionManager initialized
[2020.12.02-17.40.57:081][  0]LogEditorSessionSummary: Verbose: Initializing EditorSessionSummaryWriter for editor session tracking
[2020.12.02-17.40.57:087][  0]LogEditorSessionSummary: EditorSessionSummaryWriter initialized
[2020.12.02-17.40.57:145][  0]LogInit: Transaction tracking system initialized
[2020.12.02-17.40.57:168][  0]BlueprintLog: New page: Editor Load
[2020.12.02-17.40.57:249][  0]LocalizationService: Localization service is disabled
[2020.12.02-17.40.57:438][  0]LogCook: Display: Max memory allowance for cook 16384mb min free memory 0mb
[2020.12.02-17.40.57:439][  0]LogCook: Display: Mobile HDR setting 1
[2020.12.02-17.40.57:591][  0]LogFileCache: Scanning file cache for directory 'C:/Users/bouss/Documents/GitHub/CidreLand/CidreLand/Content/' took 0.01s
[2020.12.02-17.40.57:807][  0]SourceControl: Source control is disabled
[2020.12.02-17.40.57:807][  0]LogUnrealEdMisc: Loading editor; pre map load, took 13.992
[2020.12.02-17.40.57:807][  0]Cmd: MAP LOAD FILE="../../../../../../Users/bouss/Documents/GitHub/CidreLand/CidreLand/Content/Assets/Maps/Village_Persistent.umap" TEMPLATE=0 SHOWPROGRESS=1 FEATURELEVEL=3
[2020.12.02-17.40.57:808][  0]LightingResults: New page: Lighting Build
[2020.12.02-17.40.57:809][  0]LogWorld: UWorld::CleanupWorld for Untitled, bSessionEnded=true, bCleanupResources=true
[2020.12.02-17.40.57:809][  0]LogSlate: InvalidateAllWidgets triggered.  All widgets were invalidated
[2020.12.02-17.40.57:809][  0]MapCheck: New page: Map Check
[2020.12.02-17.40.57:809][  0]LightingResults: New page: Lighting Build
[2020.12.02-17.40.57:820][  0]LogAISub: UAISubsystem::~UAISubsystem EnvQueryManager (000001B5645A3C00), frame # 0
[2020.12.02-17.40.57:820][  0]LogAISub: UAISubsystem::~UAISubsystem AIPerceptionSystem (000001B56459FB00), frame # 0
[2020.12.02-17.40.57:821][  0]LogUObjectHash: Compacting FUObjectHashTables data took   0.58ms
[2020.12.02-17.40.59:651][  0]LogTexture: Display: Building textures: HQ_Lightmap0_102 (AutoDXT, 64X64)
[2020.12.02-17.40.59:651][  0]LogTexture: Display: Building textures: HQ_Lightmap0_101 (AutoDXT, 64X64)
[2020.12.02-17.40.59:651][  0]LogTexture: Display: Building textures: HQ_Lightmap0_100 (AutoDXT, 128X128)
[2020.12.02-17.40.59:651][  0]LogTexture: Display: Building textures: HQ_Lightmap0_105 (AutoDXT, 256X256)
[2020.12.02-17.40.59:651][  0]LogTexture: Display: Building textures: HQ_Lightmap0_10 (AutoDXT, 256X256)
[2020.12.02-17.40.59:651][  0]LogTexture: Display: Building textures: HQ_Lightmap0_11 (AutoDXT, 256X256)
[2020.12.02-17.40.59:651][  0]LogTexture: Display: Building textures: HQ_Lightmap0_12 (AutoDXT, 256X256)
[2020.12.02-17.40.59:651][  0]LogTexture: Display: Building textures: HQ_Lightmap0_14 (AutoDXT, 256X256)
[2020.12.02-17.40.59:651][  0]LogTexture: Display: Building textures: HQ_Lightmap0_13 (AutoDXT, 256X256)
[2020.12.02-17.40.59:651][  0]LogTexture: Display: Building textures: HQ_Lightmap0_15 (AutoDXT, 256X256)
[2020.12.02-17.40.59:651][  0]LogTexture: Display: Building textures: HQ_Lightmap0_16 (AutoDXT, 256X256)
[2020.12.02-17.40.59:651][  0]LogTexture: Display: Building textures: HQ_Lightmap0_17 (AutoDXT, 128X128)
[2020.12.02-17.40.59:651][  0]LogTexture: Display: Building textures: HQ_Lightmap0_18 (AutoDXT, 256X256)
[2020.12.02-17.40.59:651][  0]LogTexture: Display: Building textures: HQ_Lightmap0_19 (AutoDXT, 256X256)
[2020.12.02-17.40.59:651][  0]LogTexture: Display: Building textures: HQ_Lightmap0_20 (AutoDXT, 256X256)
[2020.12.02-17.40.59:651][  0]LogTexture: Display: Building textures: HQ_Lightmap0_21 (AutoDXT, 256X256)
[2020.12.02-17.40.59:651][  0]LogTexture: Display: Building textures: HQ_Lightmap0_2 (AutoDXT, 1024X1024)
[2020.12.02-17.40.59:651][  0]LogTexture: Display: Building textures: HQ_Lightmap0_22 (AutoDXT, 256X256)
[2020.12.02-17.40.59:651][  0]LogTexture: Display: Building textures: HQ_Lightmap0_23 (AutoDXT, 128X128)
[2020.12.02-17.40.59:651][  0]LogTexture: Display: Building textures: HQ_Lightmap0_24 (AutoDXT, 256X256)
[2020.12.02-17.40.59:651][  0]LogTexture: Display: Building textures: HQ_Lightmap0_25 (AutoDXT, 256X256)
[2020.12.02-17.40.59:651][  0]LogTexture: Display: Building textures: HQ_Lightmap0_26 (AutoDXT, 128X128)
[2020.12.02-17.40.59:651][  0]LogTexture: Display: Building textures: HQ_Lightmap0_27 (AutoDXT, 256X256)
[2020.12.02-17.40.59:651][  0]LogTexture: Display: Building textures: HQ_Lightmap0_28 (AutoDXT, 256X256)
[2020.12.02-17.40.59:651][  0]LogTexture: Display: Building textures: HQ_Lightmap0_29 (AutoDXT, 128X128)
[2020.12.02-17.40.59:651][  0]LogTexture: Display: Building textures: HQ_Lightmap0_3 (AutoDXT, 256X256)
[2020.12.02-17.40.59:651][  0]LogTexture: Display: Building textures: HQ_Lightmap0_30 (AutoDXT, 256X256)
[2020.12.02-17.40.59:651][  0]LogTexture: Display: Building textures: HQ_Lightmap0_31 (AutoDXT, 256X256)
[2020.12.02-17.40.59:652][  0]LogTexture: Display: Building textures: HQ_Lightmap0_32 (AutoDXT, 256X256)
[2020.12.02-17.40.59:652][  0]LogTexture: Display: Building textures: HQ_Lightmap0_33 (AutoDXT, 128X128)
[2020.12.02-17.40.59:652][  0]LogTexture: Display: Building textures: HQ_Lightmap0_34 (AutoDXT, 128X128)
[2020.12.02-17.40.59:652][  0]LogTexture: Display: Building textures: HQ_Lightmap0_35 (AutoDXT, 256X256)
[2020.12.02-17.40.59:652][  0]LogTexture: Display: Building textures: HQ_Lightmap0_36 (AutoDXT, 256X256)
[2020.12.02-17.40.59:652][  0]LogTexture: Display: Building textures: HQ_Lightmap0_37 (AutoDXT, 256X256)
[2020.12.02-17.40.59:652][  0]LogTexture: Display: Building textures: HQ_Lightmap0_38 (AutoDXT, 256X256)
[2020.12.02-17.40.59:652][  0]LogTexture: Display: Building textures: HQ_Lightmap0_39 (AutoDXT, 256X256)
[2020.12.02-17.40.59:652][  0]LogTexture: Display: Building textures: HQ_Lightmap0_4 (AutoDXT, 256X256)
[2020.12.02-17.40.59:652][  0]LogTexture: Display: Building textures: HQ_Lightmap0_40 (AutoDXT, 256X256)
[2020.12.02-17.40.59:652][  0]LogTexture: Display: Building textures: HQ_Lightmap0_41 (AutoDXT, 256X256)
[2020.12.02-17.40.59:652][  0]LogTexture: Display: Building textures: HQ_Lightmap0_42 (AutoDXT, 256X256)
[2020.12.02-17.40.59:652][  0]LogTexture: Display: Building textures: HQ_Lightmap0_43 (AutoDXT, 256X256)
[2020.12.02-17.40.59:652][  0]LogTexture: Display: Building textures: HQ_Lightmap0_44 (AutoDXT, 256X256)
[2020.12.02-17.40.59:652][  0]LogTexture: Display: Building textures: HQ_Lightmap0_45 (AutoDXT, 256X256)
[2020.12.02-17.40.59:652][  0]LogTexture: Display: Building textures: HQ_Lightmap0_46 (AutoDXT, 128X128)
[2020.12.02-17.40.59:652][  0]LogTexture: Display: Building textures: HQ_Lightmap0_47 (AutoDXT, 128X128)
[2020.12.02-17.40.59:652][  0]LogTexture: Display: Building textures: HQ_Lightmap0_48 (AutoDXT, 128X128)
[2020.12.02-17.40.59:652][  0]LogTexture: Display: Building textures: HQ_Lightmap0_49 (AutoDXT, 256X256)
[2020.12.02-17.40.59:652][  0]LogTexture: Display: Building textures: HQ_Lightmap0_5 (AutoDXT, 256X256)
[2020.12.02-17.40.59:652][  0]LogTexture: Display: Building textures: HQ_Lightmap0_50 (AutoDXT, 256X256)
[2020.12.02-17.40.59:652][  0]LogTexture: Display: Building textures: HQ_Lightmap0_51 (AutoDXT, 256X256)
[2020.12.02-17.40.59:652][  0]LogTexture: Display: Building textures: HQ_Lightmap0_52 (AutoDXT, 128X128)
[2020.12.02-17.40.59:652][  0]LogTexture: Display: Building textures: HQ_Lightmap0_53 (AutoDXT, 128X128)
[2020.12.02-17.40.59:652][  0]LogTexture: Display: Building textures: HQ_Lightmap0_55 (AutoDXT, 128X128)
[2020.12.02-17.40.59:652][  0]LogTexture: Display: Building textures: HQ_Lightmap0_54 (AutoDXT, 256X256)
[2020.12.02-17.40.59:652][  0]LogTexture: Display: Building textures: HQ_Lightmap0_56 (AutoDXT, 128X128)
[2020.12.02-17.40.59:652][  0]LogTexture: Display: Building textures: HQ_Lightmap0_57 (AutoDXT, 256X256)
[2020.12.02-17.40.59:652][  0]LogTexture: Display: Building textures: HQ_Lightmap0_58 (AutoDXT, 256X256)
[2020.12.02-17.40.59:652][  0]LogTexture: Display: Building textures: HQ_Lightmap0_59 (AutoDXT, 256X256)
[2020.12.02-17.40.59:652][  0]LogTexture: Display: Building textures: HQ_Lightmap0_6 (AutoDXT, 256X256)
[2020.12.02-17.40.59:652][  0]LogTexture: Display: Building textures: HQ_Lightmap0_60 (AutoDXT, 256X256)
[2020.12.02-17.40.59:652][  0]LogTexture: Display: Building textures: HQ_Lightmap0_61 (AutoDXT, 128X128)
[2020.12.02-17.40.59:652][  0]LogTexture: Display: Building textures: HQ_Lightmap0_62 (AutoDXT, 256X256)
[2020.12.02-17.40.59:652][  0]LogTexture: Display: Building textures: HQ_Lightmap0_63 (AutoDXT, 256X256)
[2020.12.02-17.40.59:652][  0]LogTexture: Display: Building textures: HQ_Lightmap0_64 (AutoDXT, 256X256)
[2020.12.02-17.40.59:652][  0]LogTexture: Display: Building textures: HQ_Lightmap0_65 (AutoDXT, 128X128)
[2020.12.02-17.40.59:652][  0]LogTexture: Display: Building textures: HQ_Lightmap0_66 (AutoDXT, 256X256)
[2020.12.02-17.40.59:652][  0]LogTexture: Display: Building textures: HQ_Lightmap0_67 (AutoDXT, 256X256)
[2020.12.02-17.40.59:652][  0]LogTexture: Display: Building textures: HQ_Lightmap0_68 (AutoDXT, 128X128)
[2020.12.02-17.40.59:652][  0]LogTexture: Display: Building textures: HQ_Lightmap0_69 (AutoDXT, 256X256)
[2020.12.02-17.40.59:652][  0]LogTexture: Display: Building textures: HQ_Lightmap0_7 (AutoDXT, 256X256)
[2020.12.02-17.40.59:652][  0]LogTexture: Display: Building textures: HQ_Lightmap0_70 (AutoDXT, 256X256)
[2020.12.02-17.40.59:652][  0]LogTexture: Display: Building textures: HQ_Lightmap0_71 (AutoDXT, 128X128)
[2020.12.02-17.40.59:652][  0]LogTexture: Display: Building textures: HQ_Lightmap0_72 (AutoDXT, 256X256)
[2020.12.02-17.40.59:652][  0]LogTexture: Display: Building textures: HQ_Lightmap0_73 (AutoDXT, 256X256)
[2020.12.02-17.40.59:652][  0]LogTexture: Display: Building textures: HQ_Lightmap0_74 (AutoDXT, 128X128)
[2020.12.02-17.40.59:652][  0]LogTexture: Display: Building textures: HQ_Lightmap0_75 (AutoDXT, 256X256)
[2020.12.02-17.40.59:652][  0]LogTexture: Display: Building textures: HQ_Lightmap0_76 (AutoDXT, 256X256)
[2020.12.02-17.40.59:652][  0]LogTexture: Display: Building textures: HQ_Lightmap0_77 (AutoDXT, 128X128)
[2020.12.02-17.40.59:652][  0]LogTexture: Display: Building textures: HQ_Lightmap0_78 (AutoDXT, 256X256)
[2020.12.02-17.40.59:652][  0]LogTexture: Display: Building textures: HQ_Lightmap0_79 (AutoDXT, 256X256)
[2020.12.02-17.40.59:652][  0]LogTexture: Display: Building textures: HQ_Lightmap0_8 (AutoDXT, 256X256)
[2020.12.02-17.40.59:652][  0]LogTexture: Display: Building textures: HQ_Lightmap0_80 (AutoDXT, 128X128)
[2020.12.02-17.40.59:652][  0]LogTexture: Display: Building textures: HQ_Lightmap0_81 (AutoDXT, 256X256)
[2020.12.02-17.40.59:652][  0]LogTexture: Display: Building textures: HQ_Lightmap0_82 (AutoDXT, 256X256)
[2020.12.02-17.40.59:652][  0]LogTexture: Display: Building textures: HQ_Lightmap0_83 (AutoDXT, 128X128)
[2020.12.02-17.40.59:652][  0]LogTexture: Display: Building textures: HQ_Lightmap0_85 (AutoDXT, 128X128)
[2020.12.02-17.40.59:653][  0]LogTexture: Display: Building textures: HQ_Lightmap0_84 (AutoDXT, 256X256)
[2020.12.02-17.40.59:653][  0]LogTexture: Display: Building textures: HQ_Lightmap0_86 (AutoDXT, 128X128)
[2020.12.02-17.40.59:653][  0]LogTexture: Display: Building textures: HQ_Lightmap0_87 (AutoDXT, 128X128)
[2020.12.02-17.40.59:653][  0]LogTexture: Display: Building textures: HQ_Lightmap0_88 (AutoDXT, 256X256)
[2020.12.02-17.40.59:653][  0]LogTexture: Display: Building textures: HQ_Lightmap0_89 (AutoDXT, 128X128)
[2020.12.02-17.40.59:653][  0]LogTexture: Display: Building textures: HQ_Lightmap0_9 (AutoDXT, 256X256)
[2020.12.02-17.40.59:653][  0]LogTexture: Display: Building textures: HQ_Lightmap0_90 (AutoDXT, 256X256)
[2020.12.02-17.40.59:653][  0]LogTexture: Display: Building textures: HQ_Lightmap0_91 (AutoDXT, 128X128)
[2020.12.02-17.40.59:653][  0]LogTexture: Display: Building textures: HQ_Lightmap0_92 (AutoDXT, 64X64)
[2020.12.02-17.40.59:653][  0]LogTexture: Display: Building textures: HQ_Lightmap0_93 (AutoDXT, 64X64)
[2020.12.02-17.40.59:653][  0]LogTexture: Display: Building textures: HQ_Lightmap0_94 (AutoDXT, 128X128)
[2020.12.02-17.40.59:653][  0]LogTexture: Display: Building textures: HQ_Lightmap0_95 (AutoDXT, 128X128)
[2020.12.02-17.40.59:653][  0]LogTexture: Display: Building textures: HQ_Lightmap0_96 (AutoDXT, 128X128)
[2020.12.02-17.40.59:653][  0]LogTexture: Display: Building textures: HQ_Lightmap0_97 (AutoDXT, 128X128)
[2020.12.02-17.40.59:653][  0]LogTexture: Display: Building textures: HQ_Lightmap0_98 (AutoDXT, 128X128)
[2020.12.02-17.40.59:653][  0]LogTexture: Display: Building textures: HQ_Lightmap0_99 (AutoDXT, 128X128)
[2020.12.02-17.40.59:653][  0]LogTexture: Display: Building textures: LQ_Lightmap_0_10 (DXT1, 256X256)
[2020.12.02-17.40.59:653][  0]LogTexture: Display: Building textures: LQ_Lightmap_0_100 (DXT1, 128X128)
[2020.12.02-17.40.59:653][  0]LogTexture: Display: Building textures: LQ_Lightmap_0_101 (DXT1, 64X64)
[2020.12.02-17.40.59:653][  0]LogTexture: Display: Building textures: LQ_Lightmap_0_102 (DXT1, 64X64)
[2020.12.02-17.40.59:653][  0]LogTexture: Display: Building textures: LQ_Lightmap_0_105 (DXT1, 256X256)
[2020.12.02-17.40.59:653][  0]LogTexture: Display: Building textures: LQ_Lightmap_0_11 (DXT1, 256X256)
[2020.12.02-17.40.59:653][  0]LogTexture: Display: Building textures: LQ_Lightmap_0_14 (DXT1, 256X256)
[2020.12.02-17.40.59:653][  0]LogTexture: Display: Building textures: LQ_Lightmap_0_13 (DXT1, 256X256)
[2020.12.02-17.40.59:653][  0]LogTexture: Display: Building textures: LQ_Lightmap_0_12 (DXT1, 256X256)
[2020.12.02-17.40.59:653][  0]LogTexture: Display: Building textures: LQ_Lightmap_0_15 (DXT1, 256X256)
[2020.12.02-17.40.59:653][  0]LogTexture: Display: Building textures: LQ_Lightmap_0_16 (DXT1, 256X256)
[2020.12.02-17.40.59:653][  0]LogTexture: Display: Building textures: LQ_Lightmap_0_17 (DXT1, 128X128)
[2020.12.02-17.40.59:653][  0]LogTexture: Display: Building textures: LQ_Lightmap_0_18 (DXT1, 256X256)
[2020.12.02-17.40.59:653][  0]LogTexture: Display: Building textures: LQ_Lightmap_0_19 (DXT1, 256X256)
[2020.12.02-17.40.59:653][  0]LogTexture: Display: Building textures: LQ_Lightmap_0_20 (DXT1, 256X256)
[2020.12.02-17.40.59:653][  0]LogTexture: Display: Building textures: LQ_Lightmap_0_21 (DXT1, 256X256)
[2020.12.02-17.40.59:653][  0]LogTexture: Display: Building textures: LQ_Lightmap_0_22 (DXT1, 256X256)
[2020.12.02-17.40.59:653][  0]LogTexture: Display: Building textures: LQ_Lightmap_0_23 (DXT1, 128X128)
[2020.12.02-17.40.59:653][  0]LogTexture: Display: Building textures: LQ_Lightmap_0_2 (DXT1, 1024X1024)
[2020.12.02-17.40.59:653][  0]LogTexture: Display: Building textures: LQ_Lightmap_0_25 (DXT1, 256X256)
[2020.12.02-17.40.59:653][  0]LogTexture: Display: Building textures: LQ_Lightmap_0_24 (DXT1, 256X256)
[2020.12.02-17.40.59:653][  0]LogTexture: Display: Building textures: LQ_Lightmap_0_26 (DXT1, 128X128)
[2020.12.02-17.40.59:653][  0]LogTexture: Display: Building textures: LQ_Lightmap_0_27 (DXT1, 256X256)
[2020.12.02-17.40.59:653][  0]LogTexture: Display: Building textures: LQ_Lightmap_0_28 (DXT1, 256X256)
[2020.12.02-17.40.59:653][  0]LogTexture: Display: Building textures: LQ_Lightmap_0_29 (DXT1, 128X128)
[2020.12.02-17.40.59:653][  0]LogTexture: Display: Building textures: LQ_Lightmap_0_3 (DXT1, 256X256)
[2020.12.02-17.40.59:653][  0]LogTexture: Display: Building textures: LQ_Lightmap_0_30 (DXT1, 256X256)
[2020.12.02-17.40.59:653][  0]LogTexture: Display: Building textures: LQ_Lightmap_0_31 (DXT1, 256X256)
[2020.12.02-17.40.59:653][  0]LogTexture: Display: Building textures: LQ_Lightmap_0_32 (DXT1, 256X256)
[2020.12.02-17.40.59:653][  0]LogTexture: Display: Building textures: LQ_Lightmap_0_33 (DXT1, 128X128)
[2020.12.02-17.40.59:653][  0]LogTexture: Display: Building textures: LQ_Lightmap_0_34 (DXT1, 128X128)
[2020.12.02-17.40.59:653][  0]LogTexture: Display: Building textures: LQ_Lightmap_0_35 (DXT1, 256X256)
[2020.12.02-17.40.59:653][  0]LogTexture: Display: Building textures: LQ_Lightmap_0_36 (DXT1, 256X256)
[2020.12.02-17.40.59:653][  0]LogTexture: Display: Building textures: LQ_Lightmap_0_37 (DXT1, 256X256)
[2020.12.02-17.40.59:653][  0]LogTexture: Display: Building textures: LQ_Lightmap_0_38 (DXT1, 256X256)
[2020.12.02-17.40.59:653][  0]LogTexture: Display: Building textures: LQ_Lightmap_0_39 (DXT1, 256X256)
[2020.12.02-17.40.59:653][  0]LogTexture: Display: Building textures: LQ_Lightmap_0_4 (DXT1, 256X256)
[2020.12.02-17.40.59:653][  0]LogTexture: Display: Building textures: LQ_Lightmap_0_40 (DXT1, 256X256)
[2020.12.02-17.40.59:653][  0]LogTexture: Display: Building textures: LQ_Lightmap_0_41 (DXT1, 256X256)
[2020.12.02-17.40.59:653][  0]LogTexture: Display: Building textures: LQ_Lightmap_0_42 (DXT1, 256X256)
[2020.12.02-17.40.59:653][  0]LogTexture: Display: Building textures: LQ_Lightmap_0_43 (DXT1, 256X256)
[2020.12.02-17.40.59:653][  0]LogTexture: Display: Building textures: LQ_Lightmap_0_44 (DXT1, 256X256)
[2020.12.02-17.40.59:654][  0]LogTexture: Display: Building textures: LQ_Lightmap_0_45 (DXT1, 256X256)
[2020.12.02-17.40.59:654][  0]LogTexture: Display: Building textures: LQ_Lightmap_0_46 (DXT1, 128X128)
[2020.12.02-17.40.59:654][  0]LogTexture: Display: Building textures: LQ_Lightmap_0_47 (DXT1, 128X128)
[2020.12.02-17.40.59:654][  0]LogTexture: Display: Building textures: LQ_Lightmap_0_48 (DXT1, 128X128)
[2020.12.02-17.40.59:654][  0]LogTexture: Display: Building textures: LQ_Lightmap_0_49 (DXT1, 256X256)
[2020.12.02-17.40.59:654][  0]LogTexture: Display: Building textures: LQ_Lightmap_0_5 (DXT1, 256X256)
[2020.12.02-17.40.59:654][  0]LogTexture: Display: Building textures: LQ_Lightmap_0_50 (DXT1, 256X256)
[2020.12.02-17.40.59:654][  0]LogTexture: Display: Building textures: LQ_Lightmap_0_51 (DXT1, 256X256)
[2020.12.02-17.40.59:654][  0]LogTexture: Display: Building textures: LQ_Lightmap_0_52 (DXT1, 128X128)
[2020.12.02-17.40.59:654][  0]LogTexture: Display: Building textures: LQ_Lightmap_0_53 (DXT1, 128X128)
[2020.12.02-17.40.59:654][  0]LogTexture: Display: Building textures: LQ_Lightmap_0_54 (DXT1, 256X256)
[2020.12.02-17.40.59:654][  0]LogTexture: Display: Building textures: LQ_Lightmap_0_55 (DXT1, 128X128)
[2020.12.02-17.40.59:654][  0]LogTexture: Display: Building textures: LQ_Lightmap_0_56 (DXT1, 128X128)
[2020.12.02-17.40.59:654][  0]LogTexture: Display: Building textures: LQ_Lightmap_0_57 (DXT1, 256X256)
[2020.12.02-17.40.59:654][  0]LogTexture: Display: Building textures: LQ_Lightmap_0_58 (DXT1, 256X256)
[2020.12.02-17.40.59:654][  0]LogTexture: Display: Building textures: LQ_Lightmap_0_59 (DXT1, 256X256)
[2020.12.02-17.40.59:654][  0]LogTexture: Display: Building textures: LQ_Lightmap_0_6 (DXT1, 256X256)
[2020.12.02-17.40.59:654][  0]LogTexture: Display: Building textures: LQ_Lightmap_0_60 (DXT1, 256X256)
[2020.12.02-17.40.59:654][  0]LogTexture: Display: Building textures: LQ_Lightmap_0_61 (DXT1, 128X128)
[2020.12.02-17.40.59:654][  0]LogTexture: Display: Building textures: LQ_Lightmap_0_62 (DXT1, 256X256)
[2020.12.02-17.40.59:654][  0]LogTexture: Display: Building textures: LQ_Lightmap_0_63 (DXT1, 256X256)
[2020.12.02-17.40.59:654][  0]LogTexture: Display: Building textures: LQ_Lightmap_0_64 (DXT1, 256X256)
[2020.12.02-17.40.59:654][  0]LogTexture: Display: Building textures: LQ_Lightmap_0_65 (DXT1, 128X128)
[2020.12.02-17.40.59:654][  0]LogTexture: Display: Building textures: LQ_Lightmap_0_66 (DXT1, 256X256)
[2020.12.02-17.40.59:654][  0]LogTexture: Display: Building textures: LQ_Lightmap_0_67 (DXT1, 256X256)
[2020.12.02-17.40.59:654][  0]LogTexture: Display: Building textures: LQ_Lightmap_0_68 (DXT1, 128X128)
[2020.12.02-17.40.59:654][  0]LogTexture: Display: Building textures: LQ_Lightmap_0_69 (DXT1, 256X256)
[2020.12.02-17.40.59:654][  0]LogTexture: Display: Building textures: LQ_Lightmap_0_7 (DXT1, 256X256)
[2020.12.02-17.40.59:654][  0]LogTexture: Display: Building textures: LQ_Lightmap_0_70 (DXT1, 256X256)
[2020.12.02-17.40.59:654][  0]LogTexture: Display: Building textures: LQ_Lightmap_0_71 (DXT1, 128X128)
[2020.12.02-17.40.59:654][  0]LogTexture: Display: Building textures: LQ_Lightmap_0_72 (DXT1, 256X256)
[2020.12.02-17.40.59:654][  0]LogTexture: Display: Building textures: LQ_Lightmap_0_73 (DXT1, 256X256)
[2020.12.02-17.40.59:654][  0]LogTexture: Display: Building textures: LQ_Lightmap_0_74 (DXT1, 128X128)
[2020.12.02-17.40.59:654][  0]LogTexture: Display: Building textures: LQ_Lightmap_0_75 (DXT1, 256X256)
[2020.12.02-17.40.59:654][  0]LogTexture: Display: Building textures: LQ_Lightmap_0_76 (DXT1, 256X256)
[2020.12.02-17.40.59:654][  0]LogTexture: Display: Building textures: LQ_Lightmap_0_77 (DXT1, 128X128)
[2020.12.02-17.40.59:654][  0]LogTexture: Display: Building textures: LQ_Lightmap_0_78 (DXT1, 256X256)
[2020.12.02-17.40.59:654][  0]LogTexture: Display: Building textures: LQ_Lightmap_0_79 (DXT1, 256X256)
[2020.12.02-17.40.59:654][  0]LogTexture: Display: Building textures: LQ_Lightmap_0_8 (DXT1, 256X256)
[2020.12.02-17.40.59:654][  0]LogTexture: Display: Building textures: LQ_Lightmap_0_80 (DXT1, 128X128)
[2020.12.02-17.40.59:654][  0]LogTexture: Display: Building textures: LQ_Lightmap_0_81 (DXT1, 256X256)
[2020.12.02-17.40.59:654][  0]LogTexture: Display: Building textures: LQ_Lightmap_0_83 (DXT1, 128X128)
[2020.12.02-17.40.59:654][  0]LogTexture: Display: Building textures: LQ_Lightmap_0_82 (DXT1, 256X256)
[2020.12.02-17.40.59:654][  0]LogTexture: Display: Building textures: LQ_Lightmap_0_84 (DXT1, 256X256)
[2020.12.02-17.40.59:654][  0]LogTexture: Display: Building textures: LQ_Lightmap_0_85 (DXT1, 128X128)
[2020.12.02-17.40.59:654][  0]LogTexture: Display: Building textures: LQ_Lightmap_0_86 (DXT1, 128X128)
[2020.12.02-17.40.59:654][  0]LogTexture: Display: Building textures: LQ_Lightmap_0_87 (DXT1, 128X128)
[2020.12.02-17.40.59:654][  0]LogTexture: Display: Building textures: LQ_Lightmap_0_88 (DXT1, 256X256)
[2020.12.02-17.40.59:654][  0]LogTexture: Display: Building textures: LQ_Lightmap_0_89 (DXT1, 128X128)
[2020.12.02-17.40.59:654][  0]LogTexture: Display: Building textures: LQ_Lightmap_0_9 (DXT1, 256X256)
[2020.12.02-17.40.59:655][  0]LogTexture: Display: Building textures: LQ_Lightmap_0_90 (DXT1, 256X256)
[2020.12.02-17.40.59:655][  0]LogTexture: Display: Building textures: LQ_Lightmap_0_91 (DXT1, 128X128)
[2020.12.02-17.40.59:655][  0]LogTexture: Display: Building textures: LQ_Lightmap_0_92 (DXT1, 64X64)
[2020.12.02-17.40.59:655][  0]LogTexture: Display: Building textures: LQ_Lightmap_0_93 (DXT1, 64X64)
[2020.12.02-17.40.59:655][  0]LogTexture: Display: Building textures: LQ_Lightmap_0_94 (DXT1, 128X128)
[2020.12.02-17.40.59:655][  0]LogTexture: Display: Building textures: LQ_Lightmap_0_95 (DXT1, 128X128)
[2020.12.02-17.40.59:655][  0]LogTexture: Display: Building textures: LQ_Lightmap_0_96 (DXT1, 128X128)
[2020.12.02-17.40.59:655][  0]LogTexture: Display: Building textures: LQ_Lightmap_0_97 (DXT1, 128X128)
[2020.12.02-17.40.59:655][  0]LogTexture: Display: Building textures: LQ_Lightmap_0_98 (DXT1, 128X128)
[2020.12.02-17.40.59:655][  0]LogTexture: Display: Building textures: LQ_Lightmap_0_99 (DXT1, 128X128)
[2020.12.02-17.40.59:692][  0]LogAIModule: Creating AISystem for world Village_Persistent
[2020.12.02-17.40.59:692][  0]LogAISub: UAISubsystem::UAISubsystem EnvQueryManager (000001B574333E00), frame # 0
[2020.12.02-17.40.59:692][  0]LogAISub: UAISubsystem::UAISubsystem AIPerceptionSystem (000001B56E1AFB00), frame # 0
[2020.12.02-17.41.00:936][  0]LogPhysics: Warning: Scale for /Game/Assets/Maps/Village_Persistent.Village_Persistent:PersistentLevel.Cone_5.StaticMeshComponent0 has a component set to zero, which will result in a bad body instance. Scale:X=1.000 Y=0.000 Z=9.250
[2020.12.02-17.41.00:936][  0]LogPhysics: Warning: PopulatePhysXGeometryAndTransform(Convex): ConvexElem has invalid transform
[2020.12.02-17.41.00:936][  0]LogPhysics: Warning: ForeachShape(Convex): ScaledElem[0] invalid
[2020.12.02-17.41.00:936][  0]LogPhysics: Warning: PopulatePhysXGeometryAndTransform(Convex): ConvexElem has invalid transform
[2020.12.02-17.41.00:936][  0]LogPhysics: Warning: ForeachShape(Convex): ScaledElem[1] invalid
[2020.12.02-17.41.00:936][  0]LogPhysics: Warning: PopulatePhysXGeometryAndTransform(Convex): ConvexElem has invalid transform
[2020.12.02-17.41.00:936][  0]LogPhysics: Warning: ForeachShape(Convex): ScaledElem[2] invalid
[2020.12.02-17.41.00:936][  0]LogPhysics: Warning: PopulatePhysXGeometryAndTransform(Convex): ConvexElem has invalid transform
[2020.12.02-17.41.00:936][  0]LogPhysics: Warning: ForeachShape(Convex): ScaledElem[3] invalid
[2020.12.02-17.41.00:955][  0]LogStreaming: Display: ULevelStreaming::RequestLevel(/Game/Assets/Maps/Fontaine_Jouvance) is flushing async loading
[2020.12.02-17.41.00:955][  0]LogStreaming: Display: Flushing async loaders.
[2020.12.02-17.41.00:996][  0]LogTexture: Display: Building textures: HQ_Lightmap0_103 (AutoDXT, 256X256)
[2020.12.02-17.41.00:997][  0]LogTexture: Display: Building textures: LQ_Lightmap_0_103 (DXT1, 256X256)
[2020.12.02-17.41.01:023][  0]LogStreaming: Display: ULevelStreaming::RequestLevel(/Game/Assets/Maps/PhareAOn) is flushing async loading
[2020.12.02-17.41.01:074][  0]LogTexture: Display: Building textures: HQ_Lightmap0_104 (AutoDXT, 128X128)
[2020.12.02-17.41.01:074][  0]LogTexture: Display: Building textures: LQ_Lightmap_0_104 (DXT1, 128X128)
[2020.12.02-17.41.01:074][  0]LogTexture: Display: Building textures: HQ_Lightmap0_1 (AutoDXT, 512X512)
[2020.12.02-17.41.01:226][  0]LogTexture: Display: Building textures: LQ_Lightmap_0_1 (DXT1, 512X512)
[2020.12.02-17.41.01:310][  0]LogEditorServer: Finished looking for orphan Actors (0.000 secs)
[2020.12.02-17.41.01:413][  0]LogUObjectHash: Compacting FUObjectHashTables data took   0.79ms
[2020.12.02-17.41.01:419][  0]Cmd: MAP CHECKDEP NOCLEARLOG
[2020.12.02-17.41.01:420][  0]MapCheck: Map check complete: 0 Error(s), 0 Warning(s), took 0,357ms to complete.
[2020.12.02-17.41.01:420][  0]LogFileHelpers: Loading map 'Village_Persistent' took 3.613
[2020.12.02-17.41.01:422][  0]LogUnrealEdMisc: Total Editor Startup Time, took 17.607
[2020.12.02-17.41.01:587][  0]LogSlate: Updating window title bar state: overlay mode, drag disabled, window buttons hidden, title bar hidden
[2020.12.02-17.41.01:594][  0]LogSlate: Updating window title bar state: overlay mode, drag disabled, window buttons hidden, title bar hidden
[2020.12.02-17.41.01:601][  0]LogSlate: Updating window title bar state: overlay mode, drag disabled, window buttons hidden, title bar hidden
[2020.12.02-17.41.01:608][  0]LogSlate: Updating window title bar state: overlay mode, drag disabled, window buttons hidden, title bar hidden
[2020.12.02-17.41.01:622][  0]LogCollectionManager: Loaded 0 collections in 0.001666 seconds
[2020.12.02-17.41.01:656][  0]LogFileCache: Scanning file cache for directory 'C:/Users/bouss/Documents/GitHub/CidreLand/CidreLand/Saved/Collections/' took 0.00s
[2020.12.02-17.41.01:656][  0]LogFileCache: Scanning file cache for directory 'C:/Users/bouss/Documents/GitHub/CidreLand/CidreLand/Content/Developers/bouss/Collections/' took 0.00s
[2020.12.02-17.41.01:656][  0]LogFileCache: Scanning file cache for directory 'C:/Users/bouss/Documents/GitHub/CidreLand/CidreLand/Content/Collections/' took 0.00s
[2020.12.02-17.41.01:656][  0]LogContentBrowser: Native class hierarchy populated in 0.0106 seconds. Added 3427 classes and 821 folders.
[2020.12.02-17.41.01:665][  0]LogContentBrowser: Native class hierarchy updated for 'WidgetCarousel' in 0.0002 seconds. Added 0 classes and 0 folders.
[2020.12.02-17.41.01:842][  0]LogContentBrowser: Native class hierarchy updated for 'AddContentDialog' in 0.0003 seconds. Added 0 classes and 0 folders.
[2020.12.02-17.41.01:863][  0]LogContentBrowser: Native class hierarchy updated for 'WorldBrowser' in 0.0003 seconds. Added 2 classes and 3 folders.
[2020.12.02-17.41.01:877][  0]LogContentBrowser: Native class hierarchy updated for 'SceneOutliner' in 0.0003 seconds. Added 2 classes and 0 folders.
[2020.12.02-17.41.01:984][  0]LogSlate: Took 0.000200 seconds to synchronously load lazily loaded font '../../../Engine/Content/Slate/Fonts/Roboto-Regular.ttf' (155K)
[2020.12.02-17.41.01:987][  0]LogSlate: Took 0.000183 seconds to synchronously load lazily loaded font '../../../Engine/Content/Slate/Fonts/Roboto-Bold.ttf' (160K)
[2020.12.02-17.41.01:995][  0]LogSlate: Took 0.000580 seconds to synchronously load lazily loaded font '../../../Engine/Content/Editor/Slate/Fonts/FontAwesome.ttf' (139K)
[2020.12.02-17.41.02:176][  0]LogRenderer: Reallocating scene render targets to support 836x372 Format 10 NumSamples 1 (Frame:1).
[2020.12.02-17.41.02:290][  0]LogSlate: Took 0.004016 seconds to synchronously load lazily loaded font '../../../Engine/Content/Slate/Fonts/DroidSansFallback.ttf' (3848K)
[2020.12.02-17.41.02:290][  0]LogSlate: Last resort fallback font was requested. Font: '../../../Engine/Content/Slate/Fonts/DroidSansFallback.ttf', Character: '  (U+202f)'
[2020.12.02-17.41.02:299][  0]LogSlate: Took 0.006577 seconds to synchronously load lazily loaded font '../../../Engine/Content/SlateDebug/Fonts/LastResort.ttf' (5269K)
[2020.12.02-17.41.02:374][  0]LogContentBrowser: Native class hierarchy updated for 'HierarchicalLODOutliner' in 0.0008 seconds. Added 0 classes and 0 folders.
[2020.12.02-17.41.02:374][  0]LogLoad: (Engine Initialization) Total time: 18.56 seconds
[2020.12.02-17.41.02:374][  0]LogLoad: (Engine Initialization) Total Blueprint compile time: 0.00 seconds
[2020.12.02-17.41.02:425][  0]LogAssetRegistry: Asset discovery search completed in 8.8016 seconds
[2020.12.02-17.41.02:429][  0]LogCollectionManager: Fixed up redirectors for 0 collections in 0.000002 seconds (updated 0 objects)
[2020.12.02-17.41.02:436][  0]LogContentStreaming: Texture pool size now 1000 MB
[2020.12.02-17.41.02:506][  0]LogRenderer: Reallocating scene render targets to support 836x388 Format 10 NumSamples 1 (Frame:2).
[2020.12.02-17.41.02:506][  0]LogSlate: Took 0.000854 seconds to synchronously load lazily loaded font '../../../Engine/Content/Slate/Fonts/Roboto-Light.ttf' (167K)
[2020.12.02-17.41.31:388][125]LogEditorViewport: Clicking on Actor (context menu): StaticMeshActor (Cone)
[2020.12.02-17.41.32:205][194]LogEditorViewport: Clicking Background
